[0.015s] Invoking command in '/home/vlad/ros2_ws/image_vis/build/image_vis': CMAKE_PREFIX_PATH=${CMAKE_PREFIX_PATH}:/opt/ros/galactic /usr/bin/cmake --build /home/vlad/ros2_ws/image_vis/build/image_vis -- -j4 -l4
[0.062s] [35m[1mScanning dependencies of target image_viewer_node[0m
[0.110s] [ 50%] [32mBuilding CXX object CMakeFiles/image_viewer_node.dir/src/image_viewer_node.cpp.o[0m
[2.990s] [01m[K/home/vlad/ros2_ws/image_vis/src/image_viewer_node.cpp:[m[K In function ‘[01m[Kvoid drawRandomCarSquare(cv::Mat&, int, int, int, int, cv::Scalar, double)[m[K’:
[2.990s] [01m[K/home/vlad/ros2_ws/image_vis/src/image_viewer_node.cpp:62:9:[m[K [01;31m[Kerror: [m[Kdeclaration of ‘[01m[Kint x[m[K’ shadows a parameter
[2.991s]    62 |     int [01;31m[Kx[m[K = dis_x(gen);
[2.991s]       |         [01;31m[K^[m[K
[2.991s] [01m[K/home/vlad/ros2_ws/image_vis/src/image_viewer_node.cpp:63:9:[m[K [01;31m[Kerror: [m[Kdeclaration of ‘[01m[Kint y[m[K’ shadows a parameter
[2.991s]    63 |     int [01;31m[Ky[m[K = dis_y(gen);
[2.991s]       |         [01;31m[K^[m[K
[2.991s] [01m[K/home/vlad/ros2_ws/image_vis/src/image_viewer_node.cpp:53:46:[m[K [01;35m[Kwarning: [m[Kunused parameter ‘[01m[Kx[m[K’ [[01;35m[K-Wunused-parameter[m[K]
[2.991s]    53 | void drawRandomCarSquare(cv::Mat &image, [01;35m[Kint x[m[K, int y, int weight, int height, cv::Scalar color, double font_size = 1.0)
[2.991s]       |                                          [01;35m[K~~~~^[m[K
[2.991s] [01m[K/home/vlad/ros2_ws/image_vis/src/image_viewer_node.cpp:53:53:[m[K [01;35m[Kwarning: [m[Kunused parameter ‘[01m[Ky[m[K’ [[01;35m[K-Wunused-parameter[m[K]
[2.991s]    53 | void drawRandomCarSquare(cv::Mat &image, int x, [01;35m[Kint y[m[K, int weight, int height, cv::Scalar color, double font_size = 1.0)
[2.991s]       |                                                 [01;35m[K~~~~^[m[K
[2.992s] [01m[K/home/vlad/ros2_ws/image_vis/src/image_viewer_node.cpp:53:60:[m[K [01;35m[Kwarning: [m[Kunused parameter ‘[01m[Kweight[m[K’ [[01;35m[K-Wunused-parameter[m[K]
[2.992s]    53 | void drawRandomCarSquare(cv::Mat &image, int x, int y, [01;35m[Kint weight[m[K, int height, cv::Scalar color, double font_size = 1.0)
[2.992s]       |                                                        [01;35m[K~~~~^~~~~~[m[K
[2.992s] [01m[K/home/vlad/ros2_ws/image_vis/src/image_viewer_node.cpp:53:72:[m[K [01;35m[Kwarning: [m[Kunused parameter ‘[01m[Kheight[m[K’ [[01;35m[K-Wunused-parameter[m[K]
[2.992s]    53 | void drawRandomCarSquare(cv::Mat &image, int x, int y, int weight, [01;35m[Kint height[m[K, cv::Scalar color, double font_size = 1.0)
[2.992s]       |                                                                    [01;35m[K~~~~^~~~~~[m[K
[3.008s] [01m[K/home/vlad/ros2_ws/image_vis/src/image_viewer_node.cpp:[m[K In member function ‘[01m[Kvoid ImageViewerNode::imageCallback(const ConstSharedPtr&)[m[K’:
[3.008s] [01m[K/home/vlad/ros2_ws/image_vis/src/image_viewer_node.cpp:85:46:[m[K [01;31m[Kerror: [m[Ktoo few arguments to function ‘[01m[Kvoid drawRandomCarSquare(cv::Mat&, int, int, int, int, cv::Scalar, double)[m[K’
[3.008s]    85 |             drawRandomCarSquare(cv_ptr->image[01;31m[K)[m[K;
[3.008s]       |                                              [01;31m[K^[m[K
[3.008s] [01m[K/home/vlad/ros2_ws/image_vis/src/image_viewer_node.cpp:53:6:[m[K [01;36m[Knote: [m[Kdeclared here
[3.008s]    53 | void [01;36m[KdrawRandomCarSquare[m[K(cv::Mat &image, int x, int y, int weight, int height, cv::Scalar color, double font_size = 1.0)
[3.008s]       |      [01;36m[K^~~~~~~~~~~~~~~~~~~[m[K
[4.186s] make[2]: *** [CMakeFiles/image_viewer_node.dir/build.make:63: CMakeFiles/image_viewer_node.dir/src/image_viewer_node.cpp.o] Ошибка 1
[4.186s] make[1]: *** [CMakeFiles/Makefile2:78: CMakeFiles/image_viewer_node.dir/all] Ошибка 2
[4.186s] make: *** [Makefile:141: all] Ошибка 2
[4.189s] Invoked command in '/home/vlad/ros2_ws/image_vis/build/image_vis' returned '2': CMAKE_PREFIX_PATH=${CMAKE_PREFIX_PATH}:/opt/ros/galactic /usr/bin/cmake --build /home/vlad/ros2_ws/image_vis/build/image_vis -- -j4 -l4
