[0.013s] Invoking command in '/home/vlad/ros2_ws/image_vis/build/image_vis': CMAKE_PREFIX_PATH=${CMAKE_PREFIX_PATH}:/opt/ros/galactic /usr/bin/cmake --build /home/vlad/ros2_ws/image_vis/build/image_vis -- -j4 -l4
[0.081s] [ 50%] [32mBuilding CXX object CMakeFiles/image_viewer_node.dir/src/image_viewer_node.cpp.o[0m
[2.977s] [01m[K/home/vlad/ros2_ws/image_vis/src/image_viewer_node.cpp:57:6:[m[K [01;35m[Kwarning: [m[Kleft operand of comma operator has no effect [[01;35m[K-Wunused-value[m[K]
[2.977s]    57 |     ([01;35m[K31[m[K, 119, 180),   // tab:blue
[2.977s]       |      [01;35m[K^~[m[K
[2.978s] [01m[K/home/vlad/ros2_ws/image_vis/src/image_viewer_node.cpp:57:15:[m[K [01;35m[Kwarning: [m[Kright operand of comma operator has no effect [[01;35m[K-Wunused-value[m[K]
[2.978s]    57 |     (31, 119, [01;35m[K180[m[K),   // tab:blue
[2.978s]       |               [01;35m[K^~~[m[K
[2.978s] [01m[K/home/vlad/ros2_ws/image_vis/src/image_viewer_node.cpp:58:6:[m[K [01;35m[Kwarning: [m[Kleft operand of comma operator has no effect [[01;35m[K-Wunused-value[m[K]
[2.978s]    58 |     ([01;35m[K255[m[K, 127, 14),   // tab:orange
[2.978s]       |      [01;35m[K^~~[m[K
[2.978s] [01m[K/home/vlad/ros2_ws/image_vis/src/image_viewer_node.cpp:58:16:[m[K [01;35m[Kwarning: [m[Kright operand of comma operator has no effect [[01;35m[K-Wunused-value[m[K]
[2.978s]    58 |     (255, 127, [01;35m[K14[m[K),   // tab:orange
[2.978s]       |                [01;35m[K^~[m[K
[2.978s] [01m[K/home/vlad/ros2_ws/image_vis/src/image_viewer_node.cpp:59:6:[m[K [01;35m[Kwarning: [m[Kleft operand of comma operator has no effect [[01;35m[K-Wunused-value[m[K]
[2.978s]    59 |     ([01;35m[K44[m[K, 160, 44),    // tab:green
[2.978s]       |      [01;35m[K^~[m[K
[2.978s] [01m[K/home/vlad/ros2_ws/image_vis/src/image_viewer_node.cpp:59:15:[m[K [01;35m[Kwarning: [m[Kright operand of comma operator has no effect [[01;35m[K-Wunused-value[m[K]
[2.978s]    59 |     (44, 160, [01;35m[K44[m[K),    // tab:green
[2.978s]       |               [01;35m[K^~[m[K
[2.979s] [01m[K/home/vlad/ros2_ws/image_vis/src/image_viewer_node.cpp:60:6:[m[K [01;35m[Kwarning: [m[Kleft operand of comma operator has no effect [[01;35m[K-Wunused-value[m[K]
[2.979s]    60 |     ([01;35m[K214[m[K, 39, 40),    // tab:red
[2.979s]       |      [01;35m[K^~~[m[K
[2.979s] [01m[K/home/vlad/ros2_ws/image_vis/src/image_viewer_node.cpp:60:15:[m[K [01;35m[Kwarning: [m[Kright operand of comma operator has no effect [[01;35m[K-Wunused-value[m[K]
[2.979s]    60 |     (214, 39, [01;35m[K40[m[K),    // tab:red
[2.979s]       |               [01;35m[K^~[m[K
[2.979s] [01m[K/home/vlad/ros2_ws/image_vis/src/image_viewer_node.cpp:61:6:[m[K [01;35m[Kwarning: [m[Kleft operand of comma operator has no effect [[01;35m[K-Wunused-value[m[K]
[2.979s]    61 |     ([01;35m[K148[m[K, 103, 189),  // tab:purple
[2.979s]       |      [01;35m[K^~~[m[K
[2.979s] [01m[K/home/vlad/ros2_ws/image_vis/src/image_viewer_node.cpp:61:16:[m[K [01;35m[Kwarning: [m[Kright operand of comma operator has no effect [[01;35m[K-Wunused-value[m[K]
[2.979s]    61 |     (148, 103, [01;35m[K189[m[K),  // tab:purple
[2.979s]       |                [01;35m[K^~~[m[K
[2.979s] [01m[K/home/vlad/ros2_ws/image_vis/src/image_viewer_node.cpp:62:6:[m[K [01;35m[Kwarning: [m[Kleft operand of comma operator has no effect [[01;35m[K-Wunused-value[m[K]
[2.979s]    62 |     ([01;35m[K140[m[K, 86, 75),    // tab:brown
[2.979s]       |      [01;35m[K^~~[m[K
[2.979s] [01m[K/home/vlad/ros2_ws/image_vis/src/image_viewer_node.cpp:62:15:[m[K [01;35m[Kwarning: [m[Kright operand of comma operator has no effect [[01;35m[K-Wunused-value[m[K]
[2.980s]    62 |     (140, 86, [01;35m[K75[m[K),    // tab:brown
[2.980s]       |               [01;35m[K^~[m[K
[2.980s] [01m[K/home/vlad/ros2_ws/image_vis/src/image_viewer_node.cpp:63:6:[m[K [01;35m[Kwarning: [m[Kleft operand of comma operator has no effect [[01;35m[K-Wunused-value[m[K]
[2.980s]    63 |     ([01;35m[K227[m[K, 119, 194),  // tab:pink
[2.980s]       |      [01;35m[K^~~[m[K
[2.980s] [01m[K/home/vlad/ros2_ws/image_vis/src/image_viewer_node.cpp:63:16:[m[K [01;35m[Kwarning: [m[Kright operand of comma operator has no effect [[01;35m[K-Wunused-value[m[K]
[2.980s]    63 |     (227, 119, [01;35m[K194[m[K),  // tab:pink
[2.980s]       |                [01;35m[K^~~[m[K
[2.980s] [01m[K/home/vlad/ros2_ws/image_vis/src/image_viewer_node.cpp:64:6:[m[K [01;35m[Kwarning: [m[Kleft operand of comma operator has no effect [[01;35m[K-Wunused-value[m[K]
[2.980s]    64 |     ([01;35m[K127[m[K, 127, 127),  // tab:gray
[2.980s]       |      [01;35m[K^~~[m[K
[2.980s] [01m[K/home/vlad/ros2_ws/image_vis/src/image_viewer_node.cpp:64:16:[m[K [01;35m[Kwarning: [m[Kright operand of comma operator has no effect [[01;35m[K-Wunused-value[m[K]
[2.980s]    64 |     (127, 127, [01;35m[K127[m[K),  // tab:gray
[2.980s]       |                [01;35m[K^~~[m[K
[2.980s] [01m[K/home/vlad/ros2_ws/image_vis/src/image_viewer_node.cpp:65:6:[m[K [01;35m[Kwarning: [m[Kleft operand of comma operator has no effect [[01;35m[K-Wunused-value[m[K]
[2.980s]    65 |     ([01;35m[K188[m[K, 189, 34),   // tab:olive
[2.980s]       |      [01;35m[K^~~[m[K
[2.981s] [01m[K/home/vlad/ros2_ws/image_vis/src/image_viewer_node.cpp:65:16:[m[K [01;35m[Kwarning: [m[Kright operand of comma operator has no effect [[01;35m[K-Wunused-value[m[K]
[2.981s]    65 |     (188, 189, [01;35m[K34[m[K),   // tab:olive
[2.981s]       |                [01;35m[K^~[m[K
[2.981s] [01m[K/home/vlad/ros2_ws/image_vis/src/image_viewer_node.cpp:66:6:[m[K [01;35m[Kwarning: [m[Kleft operand of comma operator has no effect [[01;35m[K-Wunused-value[m[K]
[2.981s]    66 |     ([01;35m[K23[m[K, 190, 207),   // tab:cyan
[2.981s]       |      [01;35m[K^~[m[K
[2.981s] [01m[K/home/vlad/ros2_ws/image_vis/src/image_viewer_node.cpp:66:15:[m[K [01;35m[Kwarning: [m[Kright operand of comma operator has no effect [[01;35m[K-Wunused-value[m[K]
[2.981s]    66 |     (23, 190, [01;35m[K207[m[K),   // tab:cyan
[2.981s]       |               [01;35m[K^~~[m[K
[2.981s] [01m[K/home/vlad/ros2_ws/image_vis/src/image_viewer_node.cpp:[m[K In function ‘[01m[Kcv::Scalar random_color(int)[m[K’:
[2.981s] [01m[K/home/vlad/ros2_ws/image_vis/src/image_viewer_node.cpp:70:48:[m[K [01;31m[Kerror: [m[Kexpected ‘[01m[K;[m[K’ before ‘[01m[K}[m[K’ token
[2.981s]    70 |     return COLOR_TABLE[id % COLOR_TABLE.size()][01;31m[K;[m[K
[2.981s]       |                                                [01;31m[K^[m[K
[2.981s]       |                                                [32m[K;[m[K
[2.982s]    71 | [32m[K}[m[K
[2.982s]       | [32m[K~[m[K                                               
[4.174s] make[2]: *** [CMakeFiles/image_viewer_node.dir/build.make:63: CMakeFiles/image_viewer_node.dir/src/image_viewer_node.cpp.o] Ошибка 1
[4.175s] make[1]: *** [CMakeFiles/Makefile2:78: CMakeFiles/image_viewer_node.dir/all] Ошибка 2
[4.175s] make: *** [Makefile:141: all] Ошибка 2
[4.177s] Invoked command in '/home/vlad/ros2_ws/image_vis/build/image_vis' returned '2': CMAKE_PREFIX_PATH=${CMAKE_PREFIX_PATH}:/opt/ros/galactic /usr/bin/cmake --build /home/vlad/ros2_ws/image_vis/build/image_vis -- -j4 -l4
