[0.015s] Invoking command in '/home/vlad/ros2_ws/image_vis/build/image_vis': CMAKE_PREFIX_PATH=${CMAKE_PREFIX_PATH}:/opt/ros/galactic /usr/bin/cmake --build /home/vlad/ros2_ws/image_vis/build/image_vis -- -j4 -l4
[0.062s] [35m[1mScanning dependencies of target image_viewer_node[0m
[0.104s] [ 50%] [32mBuilding CXX object CMakeFiles/image_viewer_node.dir/src/image_viewer_node.cpp.o[0m
[2.961s] [01m[K/home/vlad/ros2_ws/image_vis/src/image_viewer_node.cpp:57:6:[m[K [01;35m[Kwarning: [m[Kleft operand of comma operator has no effect [[01;35m[K-Wunused-value[m[K]
[2.961s]    57 |     ([01;35m[K31[m[K, 119, 180),   // tab:blue
[2.961s]       |      [01;35m[K^~[m[K
[2.961s] [01m[K/home/vlad/ros2_ws/image_vis/src/image_viewer_node.cpp:57:15:[m[K [01;35m[Kwarning: [m[Kright operand of comma operator has no effect [[01;35m[K-Wunused-value[m[K]
[2.961s]    57 |     (31, 119, [01;35m[K180[m[K),   // tab:blue
[2.961s]       |               [01;35m[K^~~[m[K
[2.961s] [01m[K/home/vlad/ros2_ws/image_vis/src/image_viewer_node.cpp:58:6:[m[K [01;35m[Kwarning: [m[Kleft operand of comma operator has no effect [[01;35m[K-Wunused-value[m[K]
[2.961s]    58 |     ([01;35m[K255[m[K, 127, 14),   // tab:orange
[2.961s]       |      [01;35m[K^~~[m[K
[2.961s] [01m[K/home/vlad/ros2_ws/image_vis/src/image_viewer_node.cpp:58:16:[m[K [01;35m[Kwarning: [m[Kright operand of comma operator has no effect [[01;35m[K-Wunused-value[m[K]
[2.961s]    58 |     (255, 127, [01;35m[K14[m[K),   // tab:orange
[2.961s]       |                [01;35m[K^~[m[K
[2.961s] [01m[K/home/vlad/ros2_ws/image_vis/src/image_viewer_node.cpp:59:6:[m[K [01;35m[Kwarning: [m[Kleft operand of comma operator has no effect [[01;35m[K-Wunused-value[m[K]
[2.961s]    59 |     ([01;35m[K44[m[K, 160, 44),    // tab:green
[2.962s]       |      [01;35m[K^~[m[K
[2.962s] [01m[K/home/vlad/ros2_ws/image_vis/src/image_viewer_node.cpp:59:15:[m[K [01;35m[Kwarning: [m[Kright operand of comma operator has no effect [[01;35m[K-Wunused-value[m[K]
[2.962s]    59 |     (44, 160, [01;35m[K44[m[K),    // tab:green
[2.962s]       |               [01;35m[K^~[m[K
[2.962s] [01m[K/home/vlad/ros2_ws/image_vis/src/image_viewer_node.cpp:60:6:[m[K [01;35m[Kwarning: [m[Kleft operand of comma operator has no effect [[01;35m[K-Wunused-value[m[K]
[2.962s]    60 |     ([01;35m[K214[m[K, 39, 40),    // tab:red
[2.962s]       |      [01;35m[K^~~[m[K
[2.962s] [01m[K/home/vlad/ros2_ws/image_vis/src/image_viewer_node.cpp:60:15:[m[K [01;35m[Kwarning: [m[Kright operand of comma operator has no effect [[01;35m[K-Wunused-value[m[K]
[2.962s]    60 |     (214, 39, [01;35m[K40[m[K),    // tab:red
[2.962s]       |               [01;35m[K^~[m[K
[2.962s] [01m[K/home/vlad/ros2_ws/image_vis/src/image_viewer_node.cpp:61:6:[m[K [01;35m[Kwarning: [m[Kleft operand of comma operator has no effect [[01;35m[K-Wunused-value[m[K]
[2.962s]    61 |     ([01;35m[K148[m[K, 103, 189),  // tab:purple
[2.962s]       |      [01;35m[K^~~[m[K
[2.962s] [01m[K/home/vlad/ros2_ws/image_vis/src/image_viewer_node.cpp:61:16:[m[K [01;35m[Kwarning: [m[Kright operand of comma operator has no effect [[01;35m[K-Wunused-value[m[K]
[2.962s]    61 |     (148, 103, [01;35m[K189[m[K),  // tab:purple
[2.962s]       |                [01;35m[K^~~[m[K
[2.962s] [01m[K/home/vlad/ros2_ws/image_vis/src/image_viewer_node.cpp:62:6:[m[K [01;35m[Kwarning: [m[Kleft operand of comma operator has no effect [[01;35m[K-Wunused-value[m[K]
[2.962s]    62 |     ([01;35m[K140[m[K, 86, 75),    // tab:brown
[2.963s]       |      [01;35m[K^~~[m[K
[2.963s] [01m[K/home/vlad/ros2_ws/image_vis/src/image_viewer_node.cpp:62:15:[m[K [01;35m[Kwarning: [m[Kright operand of comma operator has no effect [[01;35m[K-Wunused-value[m[K]
[2.963s]    62 |     (140, 86, [01;35m[K75[m[K),    // tab:brown
[2.963s]       |               [01;35m[K^~[m[K
[2.963s] [01m[K/home/vlad/ros2_ws/image_vis/src/image_viewer_node.cpp:63:6:[m[K [01;35m[Kwarning: [m[Kleft operand of comma operator has no effect [[01;35m[K-Wunused-value[m[K]
[2.963s]    63 |     ([01;35m[K227[m[K, 119, 194),  // tab:pink
[2.963s]       |      [01;35m[K^~~[m[K
[2.963s] [01m[K/home/vlad/ros2_ws/image_vis/src/image_viewer_node.cpp:63:16:[m[K [01;35m[Kwarning: [m[Kright operand of comma operator has no effect [[01;35m[K-Wunused-value[m[K]
[2.963s]    63 |     (227, 119, [01;35m[K194[m[K),  // tab:pink
[2.963s]       |                [01;35m[K^~~[m[K
[2.963s] [01m[K/home/vlad/ros2_ws/image_vis/src/image_viewer_node.cpp:64:6:[m[K [01;35m[Kwarning: [m[Kleft operand of comma operator has no effect [[01;35m[K-Wunused-value[m[K]
[2.963s]    64 |     ([01;35m[K127[m[K, 127, 127),  // tab:gray
[2.963s]       |      [01;35m[K^~~[m[K
[2.963s] [01m[K/home/vlad/ros2_ws/image_vis/src/image_viewer_node.cpp:64:16:[m[K [01;35m[Kwarning: [m[Kright operand of comma operator has no effect [[01;35m[K-Wunused-value[m[K]
[2.963s]    64 |     (127, 127, [01;35m[K127[m[K),  // tab:gray
[2.963s]       |                [01;35m[K^~~[m[K
[2.963s] [01m[K/home/vlad/ros2_ws/image_vis/src/image_viewer_node.cpp:65:6:[m[K [01;35m[Kwarning: [m[Kleft operand of comma operator has no effect [[01;35m[K-Wunused-value[m[K]
[2.964s]    65 |     ([01;35m[K188[m[K, 189, 34),   // tab:olive
[2.964s]       |      [01;35m[K^~~[m[K
[2.964s] [01m[K/home/vlad/ros2_ws/image_vis/src/image_viewer_node.cpp:65:16:[m[K [01;35m[Kwarning: [m[Kright operand of comma operator has no effect [[01;35m[K-Wunused-value[m[K]
[2.964s]    65 |     (188, 189, [01;35m[K34[m[K),   // tab:olive
[2.964s]       |                [01;35m[K^~[m[K
[2.964s] [01m[K/home/vlad/ros2_ws/image_vis/src/image_viewer_node.cpp:66:6:[m[K [01;35m[Kwarning: [m[Kleft operand of comma operator has no effect [[01;35m[K-Wunused-value[m[K]
[2.964s]    66 |     ([01;35m[K23[m[K, 190, 207),   // tab:cyan
[2.964s]       |      [01;35m[K^~[m[K
[2.964s] [01m[K/home/vlad/ros2_ws/image_vis/src/image_viewer_node.cpp:66:15:[m[K [01;35m[Kwarning: [m[Kright operand of comma operator has no effect [[01;35m[K-Wunused-value[m[K]
[2.964s]    66 |     (23, 190, [01;35m[K207[m[K),   // tab:cyan
[2.964s]       |               [01;35m[K^~~[m[K
[4.396s] [100%] [32m[1mLinking CXX executable image_viewer_node[0m
[4.888s] [100%] Built target image_viewer_node
[4.901s] Invoked command in '/home/vlad/ros2_ws/image_vis/build/image_vis' returned '0': CMAKE_PREFIX_PATH=${CMAKE_PREFIX_PATH}:/opt/ros/galactic /usr/bin/cmake --build /home/vlad/ros2_ws/image_vis/build/image_vis -- -j4 -l4
[4.941s] Invoking command in '/home/vlad/ros2_ws/image_vis/build/image_vis': CMAKE_PREFIX_PATH=${CMAKE_PREFIX_PATH}:/opt/ros/galactic /usr/bin/cmake --install /home/vlad/ros2_ws/image_vis/build/image_vis
[4.951s] -- Install configuration: ""
[4.951s] -- Installing: /home/vlad/ros2_ws/image_vis/install/image_vis/lib/image_vis/image_viewer_node
[4.952s] -- Set runtime path of "/home/vlad/ros2_ws/image_vis/install/image_vis/lib/image_vis/image_viewer_node" to ""
[4.953s] -- Up-to-date: /home/vlad/ros2_ws/image_vis/install/image_vis/share/ament_index/resource_index/package_run_dependencies/image_vis
[4.954s] -- Up-to-date: /home/vlad/ros2_ws/image_vis/install/image_vis/share/ament_index/resource_index/parent_prefix_path/image_vis
[4.954s] -- Up-to-date: /home/vlad/ros2_ws/image_vis/install/image_vis/share/image_vis/environment/ament_prefix_path.sh
[4.954s] -- Up-to-date: /home/vlad/ros2_ws/image_vis/install/image_vis/share/image_vis/environment/ament_prefix_path.dsv
[4.954s] -- Up-to-date: /home/vlad/ros2_ws/image_vis/install/image_vis/share/image_vis/environment/path.sh
[4.954s] -- Up-to-date: /home/vlad/ros2_ws/image_vis/install/image_vis/share/image_vis/environment/path.dsv
[4.954s] -- Up-to-date: /home/vlad/ros2_ws/image_vis/install/image_vis/share/image_vis/local_setup.bash
[4.954s] -- Up-to-date: /home/vlad/ros2_ws/image_vis/install/image_vis/share/image_vis/local_setup.sh
[4.954s] -- Up-to-date: /home/vlad/ros2_ws/image_vis/install/image_vis/share/image_vis/local_setup.zsh
[4.954s] -- Up-to-date: /home/vlad/ros2_ws/image_vis/install/image_vis/share/image_vis/local_setup.dsv
[4.954s] -- Installing: /home/vlad/ros2_ws/image_vis/install/image_vis/share/image_vis/package.dsv
[4.954s] -- Up-to-date: /home/vlad/ros2_ws/image_vis/install/image_vis/share/ament_index/resource_index/packages/image_vis
[4.954s] -- Up-to-date: /home/vlad/ros2_ws/image_vis/install/image_vis/share/image_vis/cmake/image_visConfig.cmake
[4.954s] -- Up-to-date: /home/vlad/ros2_ws/image_vis/install/image_vis/share/image_vis/cmake/image_visConfig-version.cmake
[4.954s] -- Up-to-date: /home/vlad/ros2_ws/image_vis/install/image_vis/share/image_vis/package.xml
[4.964s] Invoked command in '/home/vlad/ros2_ws/image_vis/build/image_vis' returned '0': CMAKE_PREFIX_PATH=${CMAKE_PREFIX_PATH}:/opt/ros/galactic /usr/bin/cmake --install /home/vlad/ros2_ws/image_vis/build/image_vis
