[0.013s] Invoking command in '/home/vlad/ros2_ws/image_vis/build/image_vis': CMAKE_PREFIX_PATH=${CMAKE_PREFIX_PATH}:/opt/ros/galactic /usr/bin/cmake --build /home/vlad/ros2_ws/image_vis/build/image_vis -- -j4 -l4
[0.066s] [35m[1mScanning dependencies of target image_viewer_node[0m
[0.118s] [ 50%] [32mBuilding CXX object CMakeFiles/image_viewer_node.dir/src/image_viewer_node.cpp.o[0m
[2.922s] [01m[K/home/vlad/ros2_ws/image_vis/src/image_viewer_node.cpp:57:6:[m[K [01;35m[Kwarning: [m[Kleft operand of comma operator has no effect [[01;35m[K-Wunused-value[m[K]
[2.922s]    57 |     ([01;35m[K0[m[K, 0, 255),   //blue
[2.922s]       |      [01;35m[K^[m[K
[2.922s] [01m[K/home/vlad/ros2_ws/image_vis/src/image_viewer_node.cpp:57:12:[m[K [01;35m[Kwarning: [m[Kright operand of comma operator has no effect [[01;35m[K-Wunused-value[m[K]
[2.922s]    57 |     (0, 0, [01;35m[K255[m[K),   //blue
[2.922s]       |            [01;35m[K^~~[m[K
[2.922s] [01m[K/home/vlad/ros2_ws/image_vis/src/image_viewer_node.cpp:58:6:[m[K [01;35m[Kwarning: [m[Kleft operand of comma operator has no effect [[01;35m[K-Wunused-value[m[K]
[2.922s]    58 |     ([01;35m[K255[m[K, 127, 14),   //orange
[2.923s]       |      [01;35m[K^~~[m[K
[2.923s] [01m[K/home/vlad/ros2_ws/image_vis/src/image_viewer_node.cpp:58:16:[m[K [01;35m[Kwarning: [m[Kright operand of comma operator has no effect [[01;35m[K-Wunused-value[m[K]
[2.923s]    58 |     (255, 127, [01;35m[K14[m[K),   //orange
[2.923s]       |                [01;35m[K^~[m[K
[2.923s] [01m[K/home/vlad/ros2_ws/image_vis/src/image_viewer_node.cpp:59:6:[m[K [01;35m[Kwarning: [m[Kleft operand of comma operator has no effect [[01;35m[K-Wunused-value[m[K]
[2.923s]    59 |     ([01;35m[K0[m[K, 255, 0),    //green
[2.923s]       |      [01;35m[K^[m[K
[2.923s] [01m[K/home/vlad/ros2_ws/image_vis/src/image_viewer_node.cpp:59:14:[m[K [01;35m[Kwarning: [m[Kright operand of comma operator has no effect [[01;35m[K-Wunused-value[m[K]
[2.923s]    59 |     (0, 255, [01;35m[K0[m[K),    //green
[2.923s]       |              [01;35m[K^[m[K
[2.923s] [01m[K/home/vlad/ros2_ws/image_vis/src/image_viewer_node.cpp:60:6:[m[K [01;35m[Kwarning: [m[Kleft operand of comma operator has no effect [[01;35m[K-Wunused-value[m[K]
[2.923s]    60 |     ([01;35m[K255[m[K, 0, 0),    //red
[2.923s]       |      [01;35m[K^~~[m[K
[2.923s] [01m[K/home/vlad/ros2_ws/image_vis/src/image_viewer_node.cpp:60:14:[m[K [01;35m[Kwarning: [m[Kright operand of comma operator has no effect [[01;35m[K-Wunused-value[m[K]
[2.923s]    60 |     (255, 0, [01;35m[K0[m[K),    //red
[2.923s]       |              [01;35m[K^[m[K
[2.923s] [01m[K/home/vlad/ros2_ws/image_vis/src/image_viewer_node.cpp:61:6:[m[K [01;35m[Kwarning: [m[Kleft operand of comma operator has no effect [[01;35m[K-Wunused-value[m[K]
[2.924s]    61 |     ([01;35m[K148[m[K, 103, 189),  //purple
[2.924s]       |      [01;35m[K^~~[m[K
[2.924s] [01m[K/home/vlad/ros2_ws/image_vis/src/image_viewer_node.cpp:61:16:[m[K [01;35m[Kwarning: [m[Kright operand of comma operator has no effect [[01;35m[K-Wunused-value[m[K]
[2.924s]    61 |     (148, 103, [01;35m[K189[m[K),  //purple
[2.924s]       |                [01;35m[K^~~[m[K
[2.924s] [01m[K/home/vlad/ros2_ws/image_vis/src/image_viewer_node.cpp:62:6:[m[K [01;35m[Kwarning: [m[Kleft operand of comma operator has no effect [[01;35m[K-Wunused-value[m[K]
[2.924s]    62 |     ([01;35m[K140[m[K, 86, 75),    //brown
[2.924s]       |      [01;35m[K^~~[m[K
[2.924s] [01m[K/home/vlad/ros2_ws/image_vis/src/image_viewer_node.cpp:62:15:[m[K [01;35m[Kwarning: [m[Kright operand of comma operator has no effect [[01;35m[K-Wunused-value[m[K]
[2.924s]    62 |     (140, 86, [01;35m[K75[m[K),    //brown
[2.924s]       |               [01;35m[K^~[m[K
[2.924s] [01m[K/home/vlad/ros2_ws/image_vis/src/image_viewer_node.cpp:63:6:[m[K [01;35m[Kwarning: [m[Kleft operand of comma operator has no effect [[01;35m[K-Wunused-value[m[K]
[2.924s]    63 |     ([01;35m[K227[m[K, 119, 194),  //pink
[2.924s]       |      [01;35m[K^~~[m[K
[2.924s] [01m[K/home/vlad/ros2_ws/image_vis/src/image_viewer_node.cpp:63:16:[m[K [01;35m[Kwarning: [m[Kright operand of comma operator has no effect [[01;35m[K-Wunused-value[m[K]
[2.924s]    63 |     (227, 119, [01;35m[K194[m[K),  //pink
[2.924s]       |                [01;35m[K^~~[m[K
[2.925s] [01m[K/home/vlad/ros2_ws/image_vis/src/image_viewer_node.cpp:64:6:[m[K [01;35m[Kwarning: [m[Kleft operand of comma operator has no effect [[01;35m[K-Wunused-value[m[K]
[2.925s]    64 |     ([01;35m[K127[m[K, 127, 127),  //gray
[2.925s]       |      [01;35m[K^~~[m[K
[2.925s] [01m[K/home/vlad/ros2_ws/image_vis/src/image_viewer_node.cpp:64:16:[m[K [01;35m[Kwarning: [m[Kright operand of comma operator has no effect [[01;35m[K-Wunused-value[m[K]
[2.925s]    64 |     (127, 127, [01;35m[K127[m[K),  //gray
[2.925s]       |                [01;35m[K^~~[m[K
[2.925s] [01m[K/home/vlad/ros2_ws/image_vis/src/image_viewer_node.cpp:65:6:[m[K [01;35m[Kwarning: [m[Kleft operand of comma operator has no effect [[01;35m[K-Wunused-value[m[K]
[2.925s]    65 |     ([01;35m[K188[m[K, 189, 34),   //olive
[2.925s]       |      [01;35m[K^~~[m[K
[2.925s] [01m[K/home/vlad/ros2_ws/image_vis/src/image_viewer_node.cpp:65:16:[m[K [01;35m[Kwarning: [m[Kright operand of comma operator has no effect [[01;35m[K-Wunused-value[m[K]
[2.925s]    65 |     (188, 189, [01;35m[K34[m[K),   //olive
[2.925s]       |                [01;35m[K^~[m[K
[2.925s] [01m[K/home/vlad/ros2_ws/image_vis/src/image_viewer_node.cpp:66:6:[m[K [01;35m[Kwarning: [m[Kleft operand of comma operator has no effect [[01;35m[K-Wunused-value[m[K]
[2.925s]    66 |     ([01;35m[K23[m[K, 190, 207),   //cyan
[2.925s]       |      [01;35m[K^~[m[K
[2.925s] [01m[K/home/vlad/ros2_ws/image_vis/src/image_viewer_node.cpp:66:15:[m[K [01;35m[Kwarning: [m[Kright operand of comma operator has no effect [[01;35m[K-Wunused-value[m[K]
[2.926s]    66 |     (23, 190, [01;35m[K207[m[K),   //cyan
[2.926s]       |               [01;35m[K^~~[m[K
[4.414s] [100%] [32m[1mLinking CXX executable image_viewer_node[0m
[4.905s] [100%] Built target image_viewer_node
[4.918s] Invoked command in '/home/vlad/ros2_ws/image_vis/build/image_vis' returned '0': CMAKE_PREFIX_PATH=${CMAKE_PREFIX_PATH}:/opt/ros/galactic /usr/bin/cmake --build /home/vlad/ros2_ws/image_vis/build/image_vis -- -j4 -l4
[4.960s] Invoking command in '/home/vlad/ros2_ws/image_vis/build/image_vis': CMAKE_PREFIX_PATH=${CMAKE_PREFIX_PATH}:/opt/ros/galactic /usr/bin/cmake --install /home/vlad/ros2_ws/image_vis/build/image_vis
[4.972s] -- Install configuration: ""
[4.973s] -- Installing: /home/vlad/ros2_ws/image_vis/install/image_vis/lib/image_vis/image_viewer_node
[4.974s] -- Set runtime path of "/home/vlad/ros2_ws/image_vis/install/image_vis/lib/image_vis/image_viewer_node" to ""
[4.975s] -- Up-to-date: /home/vlad/ros2_ws/image_vis/install/image_vis/share/ament_index/resource_index/package_run_dependencies/image_vis
[4.976s] -- Up-to-date: /home/vlad/ros2_ws/image_vis/install/image_vis/share/ament_index/resource_index/parent_prefix_path/image_vis
[4.976s] -- Up-to-date: /home/vlad/ros2_ws/image_vis/install/image_vis/share/image_vis/environment/ament_prefix_path.sh
[4.976s] -- Up-to-date: /home/vlad/ros2_ws/image_vis/install/image_vis/share/image_vis/environment/ament_prefix_path.dsv
[4.976s] -- Up-to-date: /home/vlad/ros2_ws/image_vis/install/image_vis/share/image_vis/environment/path.sh
[4.977s] -- Up-to-date: /home/vlad/ros2_ws/image_vis/install/image_vis/share/image_vis/environment/path.dsv
[4.977s] -- Up-to-date: /home/vlad/ros2_ws/image_vis/install/image_vis/share/image_vis/local_setup.bash
[4.977s] -- Up-to-date: /home/vlad/ros2_ws/image_vis/install/image_vis/share/image_vis/local_setup.sh
[4.977s] -- Up-to-date: /home/vlad/ros2_ws/image_vis/install/image_vis/share/image_vis/local_setup.zsh
[4.977s] -- Up-to-date: /home/vlad/ros2_ws/image_vis/install/image_vis/share/image_vis/local_setup.dsv
[4.978s] -- Installing: /home/vlad/ros2_ws/image_vis/install/image_vis/share/image_vis/package.dsv
[4.978s] -- Up-to-date: /home/vlad/ros2_ws/image_vis/install/image_vis/share/ament_index/resource_index/packages/image_vis
[4.978s] -- Up-to-date: /home/vlad/ros2_ws/image_vis/install/image_vis/share/image_vis/cmake/image_visConfig.cmake
[4.978s] -- Up-to-date: /home/vlad/ros2_ws/image_vis/install/image_vis/share/image_vis/cmake/image_visConfig-version.cmake
[4.978s] -- Up-to-date: /home/vlad/ros2_ws/image_vis/install/image_vis/share/image_vis/package.xml
[4.981s] Invoked command in '/home/vlad/ros2_ws/image_vis/build/image_vis' returned '0': CMAKE_PREFIX_PATH=${CMAKE_PREFIX_PATH}:/opt/ros/galactic /usr/bin/cmake --install /home/vlad/ros2_ws/image_vis/build/image_vis
