[0.220s] DEBUG:colcon:Command line arguments: ['/usr/bin/colcon', 'build']
[0.220s] DEBUG:colcon:Parsed command line arguments: Namespace(allow_overriding=[], ament_cmake_args=None, base_paths=['.'], build_base='build', catkin_cmake_args=None, catkin_skip_building_tests=False, cmake_args=None, cmake_clean_cache=False, cmake_clean_first=False, cmake_force_configure=False, cmake_target=None, cmake_target_skip_unavailable=False, continue_on_error=False, event_handlers=None, executor='parallel', ignore_user_meta=False, install_base='install', log_base=None, log_level=None, main=<bound method BuildVerb.main of <colcon_core.verb.build.BuildVerb object at 0x7f93f7347610>>, merge_install=False, metas=['./colcon.meta'], mixin=None, mixin_files=None, mixin_verb=('build',), packages_above=None, packages_above_and_dependencies=None, packages_above_depth=None, packages_end=None, packages_ignore=None, packages_ignore_regex=None, packages_select=None, packages_select_build_failed=False, packages_select_by_dep=None, packages_select_regex=None, packages_select_test_failures=False, packages_skip=None, packages_skip_build_finished=False, packages_skip_by_dep=None, packages_skip_regex=None, packages_skip_test_passed=False, packages_skip_up_to=None, packages_start=None, packages_up_to=None, packages_up_to_regex=None, parallel_workers=4, paths=None, symlink_install=False, test_result_base=None, verb_extension=<colcon_core.verb.build.BuildVerb object at 0x7f93f7347610>, verb_name='build', verb_parser=<colcon_mixin.mixin.mixin_argument.MixinArgumentDecorator object at 0x7f93f72ac490>)
[0.393s] Level 1:colcon.colcon_core.package_discovery:discover_packages(colcon_meta) check parameters
[0.393s] Level 1:colcon.colcon_core.package_discovery:discover_packages(recursive) check parameters
[0.393s] Level 1:colcon.colcon_core.package_discovery:discover_packages(ignore) check parameters
[0.393s] Level 1:colcon.colcon_core.package_discovery:discover_packages(path) check parameters
[0.393s] Level 1:colcon.colcon_core.package_discovery:discover_packages(colcon_meta) discover
[0.393s] Level 1:colcon.colcon_core.package_discovery:discover_packages(recursive) discover
[0.393s] INFO:colcon.colcon_core.package_discovery:Crawling recursively for packages in '/home/vlad/ros2_ws/image_vis'
[0.393s] Level 1:colcon.colcon_core.package_identification:_identify(.) by extensions ['ignore', 'ignore_ament_install']
[0.393s] Level 1:colcon.colcon_core.package_identification:_identify(.) by extension 'ignore'
[0.393s] Level 1:colcon.colcon_core.package_identification:_identify(.) by extension 'ignore_ament_install'
[0.393s] Level 1:colcon.colcon_core.package_identification:_identify(.) by extensions ['colcon_pkg']
[0.394s] Level 1:colcon.colcon_core.package_identification:_identify(.) by extension 'colcon_pkg'
[0.394s] Level 1:colcon.colcon_core.package_identification:_identify(.) by extensions ['colcon_meta']
[0.394s] Level 1:colcon.colcon_core.package_identification:_identify(.) by extension 'colcon_meta'
[0.394s] Level 1:colcon.colcon_core.package_identification:_identify(.) by extensions ['ros']
[0.394s] Level 1:colcon.colcon_core.package_identification:_identify(.) by extension 'ros'
[0.406s] DEBUG:colcon.colcon_core.package_identification:Package '.' with type 'ros.ament_cmake' and name 'image_vis'
[0.406s] Level 1:colcon.colcon_core.package_discovery:discover_packages(recursive) using defaults
[0.406s] Level 1:colcon.colcon_core.package_discovery:discover_packages(ignore) discover
[0.406s] Level 1:colcon.colcon_core.package_discovery:discover_packages(ignore) using defaults
[0.406s] Level 1:colcon.colcon_core.package_discovery:discover_packages(path) discover
[0.406s] Level 1:colcon.colcon_core.package_discovery:discover_packages(path) using defaults
[0.431s] Level 1:colcon.colcon_core.package_discovery:discover_packages(prefix_path) check parameters
[0.431s] Level 1:colcon.colcon_core.package_discovery:discover_packages(prefix_path) discover
[0.433s] DEBUG:colcon.colcon_installed_package_information.package_discovery:Found 1 installed packages in /home/vlad/ros2_ws/image_vis/install
[0.434s] DEBUG:colcon.colcon_installed_package_information.package_discovery:Found 270 installed packages in /opt/ros/galactic
[0.435s] Level 1:colcon.colcon_core.package_discovery:discover_packages(prefix_path) using defaults
[0.499s] Level 5:colcon.colcon_core.verb:set package 'image_vis' build argument 'cmake_args' from command line to 'None'
[0.500s] Level 5:colcon.colcon_core.verb:set package 'image_vis' build argument 'cmake_target' from command line to 'None'
[0.500s] Level 5:colcon.colcon_core.verb:set package 'image_vis' build argument 'cmake_target_skip_unavailable' from command line to 'False'
[0.500s] Level 5:colcon.colcon_core.verb:set package 'image_vis' build argument 'cmake_clean_cache' from command line to 'False'
[0.500s] Level 5:colcon.colcon_core.verb:set package 'image_vis' build argument 'cmake_clean_first' from command line to 'False'
[0.500s] Level 5:colcon.colcon_core.verb:set package 'image_vis' build argument 'cmake_force_configure' from command line to 'False'
[0.500s] Level 5:colcon.colcon_core.verb:set package 'image_vis' build argument 'ament_cmake_args' from command line to 'None'
[0.500s] Level 5:colcon.colcon_core.verb:set package 'image_vis' build argument 'catkin_cmake_args' from command line to 'None'
[0.500s] Level 5:colcon.colcon_core.verb:set package 'image_vis' build argument 'catkin_skip_building_tests' from command line to 'False'
[0.500s] DEBUG:colcon.colcon_core.verb:Building package 'image_vis' with the following arguments: {'ament_cmake_args': None, 'build_base': '/home/vlad/ros2_ws/image_vis/build/image_vis', 'catkin_cmake_args': None, 'catkin_skip_building_tests': False, 'cmake_args': None, 'cmake_clean_cache': False, 'cmake_clean_first': False, 'cmake_force_configure': False, 'cmake_target': None, 'cmake_target_skip_unavailable': False, 'install_base': '/home/vlad/ros2_ws/image_vis/install/image_vis', 'merge_install': False, 'path': '/home/vlad/ros2_ws/image_vis', 'symlink_install': False, 'test_result_base': None}
[0.500s] INFO:colcon.colcon_core.executor:Executing jobs using 'parallel' executor
[0.501s] DEBUG:colcon.colcon_parallel_executor.executor.parallel:run_until_complete
[0.501s] INFO:colcon.colcon_ros.task.ament_cmake.build:Building ROS package in '/home/vlad/ros2_ws/image_vis' with build type 'ament_cmake'
[0.501s] INFO:colcon.colcon_cmake.task.cmake.build:Building CMake package in '/home/vlad/ros2_ws/image_vis'
[0.503s] INFO:colcon.colcon_core.plugin_system:Skipping extension 'colcon_core.shell.bat': Not used on non-Windows systems
[0.503s] INFO:colcon.colcon_core.shell:Skip shell extension 'powershell' for command environment: Not usable outside of PowerShell
[0.503s] DEBUG:colcon.colcon_core.shell:Skip shell extension 'dsv' for command environment
[0.513s] DEBUG:colcon.colcon_core.event_handler.log_command:Invoking command in '/home/vlad/ros2_ws/image_vis/build/image_vis': CMAKE_PREFIX_PATH=${CMAKE_PREFIX_PATH}:/opt/ros/galactic /usr/bin/cmake --build /home/vlad/ros2_ws/image_vis/build/image_vis -- -j4 -l4
[4.577s] DEBUG:colcon.colcon_core.event_handler.log_command:Invoked command in '/home/vlad/ros2_ws/image_vis/build/image_vis' returned '2': CMAKE_PREFIX_PATH=${CMAKE_PREFIX_PATH}:/opt/ros/galactic /usr/bin/cmake --build /home/vlad/ros2_ws/image_vis/build/image_vis -- -j4 -l4
[4.602s] Level 1:colcon.colcon_core.environment:create_environment_scripts_only(image_vis)
[4.604s] Level 1:colcon.colcon_core.environment:checking '/home/vlad/ros2_ws/image_vis/install/image_vis' for CMake module files
[4.605s] Level 1:colcon.colcon_core.environment:checking '/home/vlad/ros2_ws/image_vis/install/image_vis' for CMake config files
[4.605s] Level 1:colcon.colcon_core.shell:create_environment_hook('image_vis', 'cmake_prefix_path')
[4.605s] INFO:colcon.colcon_core.shell:Creating environment hook '/home/vlad/ros2_ws/image_vis/install/image_vis/share/image_vis/hook/cmake_prefix_path.ps1'
[4.606s] INFO:colcon.colcon_core.shell:Creating environment descriptor '/home/vlad/ros2_ws/image_vis/install/image_vis/share/image_vis/hook/cmake_prefix_path.dsv'
[4.607s] INFO:colcon.colcon_core.shell:Creating environment hook '/home/vlad/ros2_ws/image_vis/install/image_vis/share/image_vis/hook/cmake_prefix_path.sh'
[4.608s] Level 1:colcon.colcon_core.environment:checking '/home/vlad/ros2_ws/image_vis/install/image_vis/lib'
[4.608s] Level 1:colcon.colcon_core.environment:checking '/home/vlad/ros2_ws/image_vis/install/image_vis/bin'
[4.608s] Level 1:colcon.colcon_core.environment:checking '/home/vlad/ros2_ws/image_vis/install/image_vis/lib/pkgconfig/image_vis.pc'
[4.608s] Level 1:colcon.colcon_core.environment:checking '/home/vlad/ros2_ws/image_vis/install/image_vis/lib/python3.8/site-packages'
[4.609s] Level 1:colcon.colcon_core.environment:checking '/home/vlad/ros2_ws/image_vis/install/image_vis/bin'
[4.609s] INFO:colcon.colcon_core.shell:Creating package script '/home/vlad/ros2_ws/image_vis/install/image_vis/share/image_vis/package.ps1'
[4.610s] INFO:colcon.colcon_core.shell:Creating package descriptor '/home/vlad/ros2_ws/image_vis/install/image_vis/share/image_vis/package.dsv'
[4.610s] INFO:colcon.colcon_core.shell:Creating package script '/home/vlad/ros2_ws/image_vis/install/image_vis/share/image_vis/package.sh'
[4.611s] INFO:colcon.colcon_core.shell:Creating package script '/home/vlad/ros2_ws/image_vis/install/image_vis/share/image_vis/package.bash'
[4.612s] INFO:colcon.colcon_core.shell:Creating package script '/home/vlad/ros2_ws/image_vis/install/image_vis/share/image_vis/package.zsh'
[4.612s] Level 1:colcon.colcon_core.environment:create_file_with_runtime_dependencies(/home/vlad/ros2_ws/image_vis/install/image_vis/share/colcon-core/packages/image_vis)
[4.613s] DEBUG:colcon.colcon_parallel_executor.executor.parallel:closing loop
[4.613s] DEBUG:colcon.colcon_parallel_executor.executor.parallel:loop closed
[4.614s] DEBUG:colcon.colcon_parallel_executor.executor.parallel:run_until_complete finished with '2'
[4.614s] DEBUG:colcon.colcon_core.event_reactor:joining thread
[4.619s] INFO:colcon.colcon_core.plugin_system:Skipping extension 'colcon_notification.desktop_notification.terminal_notifier': Not used on non-Darwin systems
[4.620s] INFO:colcon.colcon_core.plugin_system:Skipping extension 'colcon_notification.desktop_notification.win32': Not used on non-Windows systems
[4.620s] INFO:colcon.colcon_notification.desktop_notification:Sending desktop notification using 'notify2'
[4.634s] DEBUG:colcon.colcon_core.event_reactor:joined thread
[4.634s] INFO:colcon.colcon_core.shell:Creating prefix script '/home/vlad/ros2_ws/image_vis/install/local_setup.ps1'
[4.635s] INFO:colcon.colcon_core.shell:Creating prefix util module '/home/vlad/ros2_ws/image_vis/install/_local_setup_util_ps1.py'
[4.637s] INFO:colcon.colcon_core.shell:Creating prefix chain script '/home/vlad/ros2_ws/image_vis/install/setup.ps1'
[4.638s] INFO:colcon.colcon_core.shell:Creating prefix script '/home/vlad/ros2_ws/image_vis/install/local_setup.sh'
[4.639s] INFO:colcon.colcon_core.shell:Creating prefix util module '/home/vlad/ros2_ws/image_vis/install/_local_setup_util_sh.py'
[4.640s] INFO:colcon.colcon_core.shell:Creating prefix chain script '/home/vlad/ros2_ws/image_vis/install/setup.sh'
[4.641s] INFO:colcon.colcon_core.shell:Creating prefix script '/home/vlad/ros2_ws/image_vis/install/local_setup.bash'
[4.642s] INFO:colcon.colcon_core.shell:Creating prefix chain script '/home/vlad/ros2_ws/image_vis/install/setup.bash'
[4.643s] INFO:colcon.colcon_core.shell:Creating prefix script '/home/vlad/ros2_ws/image_vis/install/local_setup.zsh'
[4.644s] INFO:colcon.colcon_core.shell:Creating prefix chain script '/home/vlad/ros2_ws/image_vis/install/setup.zsh'
