[0.014s] Invoking command in '/home/vlad/ros2_ws/image_vis/build/image_vis': CMAKE_PREFIX_PATH=${CMAKE_PREFIX_PATH}:/opt/ros/galactic /usr/bin/cmake --build /home/vlad/ros2_ws/image_vis/build/image_vis -- -j4 -l4
[0.059s] [35m[1mScanning dependencies of target image_viewer_node[0m
[0.098s] [ 50%] [32mBuilding CXX object CMakeFiles/image_viewer_node.dir/src/image_viewer_node.cpp.o[0m
[2.939s] [01m[K/home/vlad/ros2_ws/image_vis/src/image_viewer_node.cpp:57:6:[m[K [01;35m[Kwarning: [m[Kleft operand of comma operator has no effect [[01;35m[K-Wunused-value[m[K]
[2.939s]    57 |     ([01;35m[K0[m[K, 0, 255),   //blue
[2.939s]       |      [01;35m[K^[m[K
[2.939s] [01m[K/home/vlad/ros2_ws/image_vis/src/image_viewer_node.cpp:57:12:[m[K [01;35m[Kwarning: [m[Kright operand of comma operator has no effect [[01;35m[K-Wunused-value[m[K]
[2.939s]    57 |     (0, 0, [01;35m[K255[m[K),   //blue
[2.939s]       |            [01;35m[K^~~[m[K
[2.939s] [01m[K/home/vlad/ros2_ws/image_vis/src/image_viewer_node.cpp:58:6:[m[K [01;35m[Kwarning: [m[Kleft operand of comma operator has no effect [[01;35m[K-Wunused-value[m[K]
[2.939s]    58 |     ([01;35m[K255[m[K, 127, 14),   //orange
[2.939s]       |      [01;35m[K^~~[m[K
[2.939s] [01m[K/home/vlad/ros2_ws/image_vis/src/image_viewer_node.cpp:58:16:[m[K [01;35m[Kwarning: [m[Kright operand of comma operator has no effect [[01;35m[K-Wunused-value[m[K]
[2.939s]    58 |     (255, 127, [01;35m[K14[m[K),   //orange
[2.939s]       |                [01;35m[K^~[m[K
[2.939s] [01m[K/home/vlad/ros2_ws/image_vis/src/image_viewer_node.cpp:59:6:[m[K [01;35m[Kwarning: [m[Kleft operand of comma operator has no effect [[01;35m[K-Wunused-value[m[K]
[2.939s]    59 |     ([01;35m[K0[m[K, 255, 0),    //green
[2.939s]       |      [01;35m[K^[m[K
[2.940s] [01m[K/home/vlad/ros2_ws/image_vis/src/image_viewer_node.cpp:59:14:[m[K [01;35m[Kwarning: [m[Kright operand of comma operator has no effect [[01;35m[K-Wunused-value[m[K]
[2.940s]    59 |     (0, 255, [01;35m[K0[m[K),    //green
[2.940s]       |              [01;35m[K^[m[K
[2.940s] [01m[K/home/vlad/ros2_ws/image_vis/src/image_viewer_node.cpp:60:6:[m[K [01;35m[Kwarning: [m[Kleft operand of comma operator has no effect [[01;35m[K-Wunused-value[m[K]
[2.940s]    60 |     ([01;35m[K255[m[K, 0, 0),    //red
[2.940s]       |      [01;35m[K^~~[m[K
[2.940s] [01m[K/home/vlad/ros2_ws/image_vis/src/image_viewer_node.cpp:60:14:[m[K [01;35m[Kwarning: [m[Kright operand of comma operator has no effect [[01;35m[K-Wunused-value[m[K]
[2.940s]    60 |     (255, 0, [01;35m[K0[m[K),    //red
[2.940s]       |              [01;35m[K^[m[K
[2.940s] [01m[K/home/vlad/ros2_ws/image_vis/src/image_viewer_node.cpp:61:6:[m[K [01;35m[Kwarning: [m[Kleft operand of comma operator has no effect [[01;35m[K-Wunused-value[m[K]
[2.940s]    61 |     ([01;35m[K148[m[K, 103, 189),  //purple
[2.940s]       |      [01;35m[K^~~[m[K
[2.940s] [01m[K/home/vlad/ros2_ws/image_vis/src/image_viewer_node.cpp:61:16:[m[K [01;35m[Kwarning: [m[Kright operand of comma operator has no effect [[01;35m[K-Wunused-value[m[K]
[2.940s]    61 |     (148, 103, [01;35m[K189[m[K),  //purple
[2.940s]       |                [01;35m[K^~~[m[K
[2.940s] [01m[K/home/vlad/ros2_ws/image_vis/src/image_viewer_node.cpp:62:6:[m[K [01;35m[Kwarning: [m[Kleft operand of comma operator has no effect [[01;35m[K-Wunused-value[m[K]
[2.941s]    62 |     ([01;35m[K140[m[K, 86, 75),    //brown
[2.941s]       |      [01;35m[K^~~[m[K
[2.941s] [01m[K/home/vlad/ros2_ws/image_vis/src/image_viewer_node.cpp:62:15:[m[K [01;35m[Kwarning: [m[Kright operand of comma operator has no effect [[01;35m[K-Wunused-value[m[K]
[2.941s]    62 |     (140, 86, [01;35m[K75[m[K),    //brown
[2.941s]       |               [01;35m[K^~[m[K
[2.941s] [01m[K/home/vlad/ros2_ws/image_vis/src/image_viewer_node.cpp:63:6:[m[K [01;35m[Kwarning: [m[Kleft operand of comma operator has no effect [[01;35m[K-Wunused-value[m[K]
[2.941s]    63 |     ([01;35m[K227[m[K, 119, 194),  //pink
[2.941s]       |      [01;35m[K^~~[m[K
[2.941s] [01m[K/home/vlad/ros2_ws/image_vis/src/image_viewer_node.cpp:63:16:[m[K [01;35m[Kwarning: [m[Kright operand of comma operator has no effect [[01;35m[K-Wunused-value[m[K]
[2.941s]    63 |     (227, 119, [01;35m[K194[m[K),  //pink
[2.941s]       |                [01;35m[K^~~[m[K
[2.941s] [01m[K/home/vlad/ros2_ws/image_vis/src/image_viewer_node.cpp:64:6:[m[K [01;35m[Kwarning: [m[Kleft operand of comma operator has no effect [[01;35m[K-Wunused-value[m[K]
[2.941s]    64 |     ([01;35m[K127[m[K, 127, 127),  //gray
[2.941s]       |      [01;35m[K^~~[m[K
[2.941s] [01m[K/home/vlad/ros2_ws/image_vis/src/image_viewer_node.cpp:64:16:[m[K [01;35m[Kwarning: [m[Kright operand of comma operator has no effect [[01;35m[K-Wunused-value[m[K]
[2.941s]    64 |     (127, 127, [01;35m[K127[m[K),  //gray
[2.941s]       |                [01;35m[K^~~[m[K
[2.942s] [01m[K/home/vlad/ros2_ws/image_vis/src/image_viewer_node.cpp:65:6:[m[K [01;35m[Kwarning: [m[Kleft operand of comma operator has no effect [[01;35m[K-Wunused-value[m[K]
[2.942s]    65 |     ([01;35m[K188[m[K, 189, 34),   //olive
[2.942s]       |      [01;35m[K^~~[m[K
[2.942s] [01m[K/home/vlad/ros2_ws/image_vis/src/image_viewer_node.cpp:65:16:[m[K [01;35m[Kwarning: [m[Kright operand of comma operator has no effect [[01;35m[K-Wunused-value[m[K]
[2.942s]    65 |     (188, 189, [01;35m[K34[m[K),   //olive
[2.942s]       |                [01;35m[K^~[m[K
[2.942s] [01m[K/home/vlad/ros2_ws/image_vis/src/image_viewer_node.cpp:66:6:[m[K [01;35m[Kwarning: [m[Kleft operand of comma operator has no effect [[01;35m[K-Wunused-value[m[K]
[2.942s]    66 |     ([01;35m[K23[m[K, 190, 207),   //cyan
[2.942s]       |      [01;35m[K^~[m[K
[2.942s] [01m[K/home/vlad/ros2_ws/image_vis/src/image_viewer_node.cpp:66:15:[m[K [01;35m[Kwarning: [m[Kright operand of comma operator has no effect [[01;35m[K-Wunused-value[m[K]
[2.942s]    66 |     (23, 190, [01;35m[K207[m[K),   //cyan
[2.942s]       |               [01;35m[K^~~[m[K
[4.479s] [100%] [32m[1mLinking CXX executable image_viewer_node[0m
[4.988s] [100%] Built target image_viewer_node
[5.003s] Invoked command in '/home/vlad/ros2_ws/image_vis/build/image_vis' returned '0': CMAKE_PREFIX_PATH=${CMAKE_PREFIX_PATH}:/opt/ros/galactic /usr/bin/cmake --build /home/vlad/ros2_ws/image_vis/build/image_vis -- -j4 -l4
[5.040s] Invoking command in '/home/vlad/ros2_ws/image_vis/build/image_vis': CMAKE_PREFIX_PATH=${CMAKE_PREFIX_PATH}:/opt/ros/galactic /usr/bin/cmake --install /home/vlad/ros2_ws/image_vis/build/image_vis
[5.049s] -- Install configuration: ""
[5.049s] -- Installing: /home/vlad/ros2_ws/image_vis/install/image_vis/lib/image_vis/image_viewer_node
[5.050s] -- Set runtime path of "/home/vlad/ros2_ws/image_vis/install/image_vis/lib/image_vis/image_viewer_node" to ""
[5.050s] -- Up-to-date: /home/vlad/ros2_ws/image_vis/install/image_vis/share/ament_index/resource_index/package_run_dependencies/image_vis
[5.050s] -- Up-to-date: /home/vlad/ros2_ws/image_vis/install/image_vis/share/ament_index/resource_index/parent_prefix_path/image_vis
[5.051s] -- Up-to-date: /home/vlad/ros2_ws/image_vis/install/image_vis/share/image_vis/environment/ament_prefix_path.sh
[5.051s] -- Up-to-date: /home/vlad/ros2_ws/image_vis/install/image_vis/share/image_vis/environment/ament_prefix_path.dsv
[5.051s] -- Up-to-date: /home/vlad/ros2_ws/image_vis/install/image_vis/share/image_vis/environment/path.sh
[5.051s] -- Up-to-date: /home/vlad/ros2_ws/image_vis/install/image_vis/share/image_vis/environment/path.dsv
[5.051s] -- Up-to-date: /home/vlad/ros2_ws/image_vis/install/image_vis/share/image_vis/local_setup.bash
[5.051s] -- Up-to-date: /home/vlad/ros2_ws/image_vis/install/image_vis/share/image_vis/local_setup.sh
[5.052s] -- Up-to-date: /home/vlad/ros2_ws/image_vis/install/image_vis/share/image_vis/local_setup.zsh
[5.052s] -- Up-to-date: /home/vlad/ros2_ws/image_vis/install/image_vis/share/image_vis/local_setup.dsv
[5.052s] -- Installing: /home/vlad/ros2_ws/image_vis/install/image_vis/share/image_vis/package.dsv
[5.052s] -- Up-to-date: /home/vlad/ros2_ws/image_vis/install/image_vis/share/ament_index/resource_index/packages/image_vis
[5.053s] -- Up-to-date: /home/vlad/ros2_ws/image_vis/install/image_vis/share/image_vis/cmake/image_visConfig.cmake
[5.053s] -- Up-to-date: /home/vlad/ros2_ws/image_vis/install/image_vis/share/image_vis/cmake/image_visConfig-version.cmake
[5.053s] -- Up-to-date: /home/vlad/ros2_ws/image_vis/install/image_vis/share/image_vis/package.xml
[5.056s] Invoked command in '/home/vlad/ros2_ws/image_vis/build/image_vis' returned '0': CMAKE_PREFIX_PATH=${CMAKE_PREFIX_PATH}:/opt/ros/galactic /usr/bin/cmake --install /home/vlad/ros2_ws/image_vis/build/image_vis
