[01m[K/home/vlad/ros2_ws/image_vis/src/image_viewer_node.cpp:57:6:[m[K [01;35m[Kwarning: [m[Kleft operand of comma operator has no effect [[01;35m[K-Wunused-value[m[K]
   57 |     ([01;35m[K0[m[K, 0, 255),   //blue
      |      [01;35m[K^[m[K
[01m[K/home/vlad/ros2_ws/image_vis/src/image_viewer_node.cpp:57:12:[m[K [01;35m[Kwarning: [m[Kright operand of comma operator has no effect [[01;35m[K-Wunused-value[m[K]
   57 |     (0, 0, [01;35m[K255[m[K),   //blue
      |            [01;35m[K^~~[m[K
[01m[K/home/vlad/ros2_ws/image_vis/src/image_viewer_node.cpp:58:6:[m[K [01;35m[Kwarning: [m[Kleft operand of comma operator has no effect [[01;35m[K-Wunused-value[m[K]
   58 |     ([01;35m[K255[m[K, 127, 14),   //orange
      |      [01;35m[K^~~[m[K
[01m[K/home/vlad/ros2_ws/image_vis/src/image_viewer_node.cpp:58:16:[m[K [01;35m[Kwarning: [m[Kright operand of comma operator has no effect [[01;35m[K-Wunused-value[m[K]
   58 |     (255, 127, [01;35m[K14[m[K),   //orange
      |                [01;35m[K^~[m[K
[01m[K/home/vlad/ros2_ws/image_vis/src/image_viewer_node.cpp:59:6:[m[K [01;35m[Kwarning: [m[Kleft operand of comma operator has no effect [[01;35m[K-Wunused-value[m[K]
   59 |     ([01;35m[K0[m[K, 255, 0),    //green
      |      [01;35m[K^[m[K
[01m[K/home/vlad/ros2_ws/image_vis/src/image_viewer_node.cpp:59:14:[m[K [01;35m[Kwarning: [m[Kright operand of comma operator has no effect [[01;35m[K-Wunused-value[m[K]
   59 |     (0, 255, [01;35m[K0[m[K),    //green
      |              [01;35m[K^[m[K
[01m[K/home/vlad/ros2_ws/image_vis/src/image_viewer_node.cpp:60:6:[m[K [01;35m[Kwarning: [m[Kleft operand of comma operator has no effect [[01;35m[K-Wunused-value[m[K]
   60 |     ([01;35m[K255[m[K, 0, 0),    //red
      |      [01;35m[K^~~[m[K
[01m[K/home/vlad/ros2_ws/image_vis/src/image_viewer_node.cpp:60:14:[m[K [01;35m[Kwarning: [m[Kright operand of comma operator has no effect [[01;35m[K-Wunused-value[m[K]
   60 |     (255, 0, [01;35m[K0[m[K),    //red
      |              [01;35m[K^[m[K
[01m[K/home/vlad/ros2_ws/image_vis/src/image_viewer_node.cpp:61:6:[m[K [01;35m[Kwarning: [m[Kleft operand of comma operator has no effect [[01;35m[K-Wunused-value[m[K]
   61 |     ([01;35m[K148[m[K, 103, 189),  //purple
      |      [01;35m[K^~~[m[K
[01m[K/home/vlad/ros2_ws/image_vis/src/image_viewer_node.cpp:61:16:[m[K [01;35m[Kwarning: [m[Kright operand of comma operator has no effect [[01;35m[K-Wunused-value[m[K]
   61 |     (148, 103, [01;35m[K189[m[K),  //purple
      |                [01;35m[K^~~[m[K
[01m[K/home/vlad/ros2_ws/image_vis/src/image_viewer_node.cpp:62:6:[m[K [01;35m[Kwarning: [m[Kleft operand of comma operator has no effect [[01;35m[K-Wunused-value[m[K]
   62 |     ([01;35m[K140[m[K, 86, 75),    //brown
      |      [01;35m[K^~~[m[K
[01m[K/home/vlad/ros2_ws/image_vis/src/image_viewer_node.cpp:62:15:[m[K [01;35m[Kwarning: [m[Kright operand of comma operator has no effect [[01;35m[K-Wunused-value[m[K]
   62 |     (140, 86, [01;35m[K75[m[K),    //brown
      |               [01;35m[K^~[m[K
[01m[K/home/vlad/ros2_ws/image_vis/src/image_viewer_node.cpp:63:6:[m[K [01;35m[Kwarning: [m[Kleft operand of comma operator has no effect [[01;35m[K-Wunused-value[m[K]
   63 |     ([01;35m[K227[m[K, 119, 194),  //pink
      |      [01;35m[K^~~[m[K
[01m[K/home/vlad/ros2_ws/image_vis/src/image_viewer_node.cpp:63:16:[m[K [01;35m[Kwarning: [m[Kright operand of comma operator has no effect [[01;35m[K-Wunused-value[m[K]
   63 |     (227, 119, [01;35m[K194[m[K),  //pink
      |                [01;35m[K^~~[m[K
[01m[K/home/vlad/ros2_ws/image_vis/src/image_viewer_node.cpp:64:6:[m[K [01;35m[Kwarning: [m[Kleft operand of comma operator has no effect [[01;35m[K-Wunused-value[m[K]
   64 |     ([01;35m[K127[m[K, 127, 127),  //gray
      |      [01;35m[K^~~[m[K
[01m[K/home/vlad/ros2_ws/image_vis/src/image_viewer_node.cpp:64:16:[m[K [01;35m[Kwarning: [m[Kright operand of comma operator has no effect [[01;35m[K-Wunused-value[m[K]
   64 |     (127, 127, [01;35m[K127[m[K),  //gray
      |                [01;35m[K^~~[m[K
[01m[K/home/vlad/ros2_ws/image_vis/src/image_viewer_node.cpp:65:6:[m[K [01;35m[Kwarning: [m[Kleft operand of comma operator has no effect [[01;35m[K-Wunused-value[m[K]
   65 |     ([01;35m[K188[m[K, 189, 34),   //olive
      |      [01;35m[K^~~[m[K
[01m[K/home/vlad/ros2_ws/image_vis/src/image_viewer_node.cpp:65:16:[m[K [01;35m[Kwarning: [m[Kright operand of comma operator has no effect [[01;35m[K-Wunused-value[m[K]
   65 |     (188, 189, [01;35m[K34[m[K),   //olive
      |                [01;35m[K^~[m[K
[01m[K/home/vlad/ros2_ws/image_vis/src/image_viewer_node.cpp:66:6:[m[K [01;35m[Kwarning: [m[Kleft operand of comma operator has no effect [[01;35m[K-Wunused-value[m[K]
   66 |     ([01;35m[K23[m[K, 190, 207),   //cyan
      |      [01;35m[K^~[m[K
[01m[K/home/vlad/ros2_ws/image_vis/src/image_viewer_node.cpp:66:15:[m[K [01;35m[Kwarning: [m[Kright operand of comma operator has no effect [[01;35m[K-Wunused-value[m[K]
   66 |     (23, 190, [01;35m[K207[m[K),   //cyan
      |               [01;35m[K^~~[m[K
