[0.014s] Invoking command in '/home/vlad/ros2_ws/image_vis/build/image_vis': CMAKE_PREFIX_PATH=${CMAKE_PREFIX_PATH}:/opt/ros/galactic /usr/bin/cmake --build /home/vlad/ros2_ws/image_vis/build/image_vis -- -j4 -l4
[0.062s] [35m[1mScanning dependencies of target image_viewer_node[0m
[0.118s] [ 50%] [32mBuilding CXX object CMakeFiles/image_viewer_node.dir/src/image_viewer_node.cpp.o[0m
[2.925s] [01m[K/home/vlad/ros2_ws/image_vis/src/image_viewer_node.cpp:57:6:[m[K [01;35m[Kwarning: [m[Kleft operand of comma operator has no effect [[01;35m[K-Wunused-value[m[K]
[2.925s]    57 |     ([01;35m[K31[m[K, 119, 180),   //blue
[2.925s]       |      [01;35m[K^~[m[K
[2.925s] [01m[K/home/vlad/ros2_ws/image_vis/src/image_viewer_node.cpp:57:15:[m[K [01;35m[Kwarning: [m[Kright operand of comma operator has no effect [[01;35m[K-Wunused-value[m[K]
[2.925s]    57 |     (31, 119, [01;35m[K180[m[K),   //blue
[2.926s]       |               [01;35m[K^~~[m[K
[2.926s] [01m[K/home/vlad/ros2_ws/image_vis/src/image_viewer_node.cpp:58:6:[m[K [01;35m[Kwarning: [m[Kleft operand of comma operator has no effect [[01;35m[K-Wunused-value[m[K]
[2.926s]    58 |     ([01;35m[K255[m[K, 127, 14),   //orange
[2.926s]       |      [01;35m[K^~~[m[K
[2.926s] [01m[K/home/vlad/ros2_ws/image_vis/src/image_viewer_node.cpp:58:16:[m[K [01;35m[Kwarning: [m[Kright operand of comma operator has no effect [[01;35m[K-Wunused-value[m[K]
[2.926s]    58 |     (255, 127, [01;35m[K14[m[K),   //orange
[2.926s]       |                [01;35m[K^~[m[K
[2.926s] [01m[K/home/vlad/ros2_ws/image_vis/src/image_viewer_node.cpp:59:6:[m[K [01;35m[Kwarning: [m[Kleft operand of comma operator has no effect [[01;35m[K-Wunused-value[m[K]
[2.926s]    59 |     ([01;35m[K44[m[K, 160, 44),    //green
[2.926s]       |      [01;35m[K^~[m[K
[2.926s] [01m[K/home/vlad/ros2_ws/image_vis/src/image_viewer_node.cpp:59:15:[m[K [01;35m[Kwarning: [m[Kright operand of comma operator has no effect [[01;35m[K-Wunused-value[m[K]
[2.926s]    59 |     (44, 160, [01;35m[K44[m[K),    //green
[2.926s]       |               [01;35m[K^~[m[K
[2.926s] [01m[K/home/vlad/ros2_ws/image_vis/src/image_viewer_node.cpp:60:6:[m[K [01;35m[Kwarning: [m[Kleft operand of comma operator has no effect [[01;35m[K-Wunused-value[m[K]
[2.926s]    60 |     ([01;35m[K214[m[K, 39, 40),    //red
[2.926s]       |      [01;35m[K^~~[m[K
[2.927s] [01m[K/home/vlad/ros2_ws/image_vis/src/image_viewer_node.cpp:60:15:[m[K [01;35m[Kwarning: [m[Kright operand of comma operator has no effect [[01;35m[K-Wunused-value[m[K]
[2.927s]    60 |     (214, 39, [01;35m[K40[m[K),    //red
[2.927s]       |               [01;35m[K^~[m[K
[2.927s] [01m[K/home/vlad/ros2_ws/image_vis/src/image_viewer_node.cpp:61:6:[m[K [01;35m[Kwarning: [m[Kleft operand of comma operator has no effect [[01;35m[K-Wunused-value[m[K]
[2.927s]    61 |     ([01;35m[K148[m[K, 103, 189),  //purple
[2.927s]       |      [01;35m[K^~~[m[K
[2.927s] [01m[K/home/vlad/ros2_ws/image_vis/src/image_viewer_node.cpp:61:16:[m[K [01;35m[Kwarning: [m[Kright operand of comma operator has no effect [[01;35m[K-Wunused-value[m[K]
[2.927s]    61 |     (148, 103, [01;35m[K189[m[K),  //purple
[2.927s]       |                [01;35m[K^~~[m[K
[2.927s] [01m[K/home/vlad/ros2_ws/image_vis/src/image_viewer_node.cpp:62:6:[m[K [01;35m[Kwarning: [m[Kleft operand of comma operator has no effect [[01;35m[K-Wunused-value[m[K]
[2.927s]    62 |     ([01;35m[K140[m[K, 86, 75),    //brown
[2.927s]       |      [01;35m[K^~~[m[K
[2.927s] [01m[K/home/vlad/ros2_ws/image_vis/src/image_viewer_node.cpp:62:15:[m[K [01;35m[Kwarning: [m[Kright operand of comma operator has no effect [[01;35m[K-Wunused-value[m[K]
[2.927s]    62 |     (140, 86, [01;35m[K75[m[K),    //brown
[2.927s]       |               [01;35m[K^~[m[K
[2.927s] [01m[K/home/vlad/ros2_ws/image_vis/src/image_viewer_node.cpp:63:6:[m[K [01;35m[Kwarning: [m[Kleft operand of comma operator has no effect [[01;35m[K-Wunused-value[m[K]
[2.927s]    63 |     ([01;35m[K227[m[K, 119, 194),  //pink
[2.928s]       |      [01;35m[K^~~[m[K
[2.928s] [01m[K/home/vlad/ros2_ws/image_vis/src/image_viewer_node.cpp:63:16:[m[K [01;35m[Kwarning: [m[Kright operand of comma operator has no effect [[01;35m[K-Wunused-value[m[K]
[2.928s]    63 |     (227, 119, [01;35m[K194[m[K),  //pink
[2.928s]       |                [01;35m[K^~~[m[K
[2.928s] [01m[K/home/vlad/ros2_ws/image_vis/src/image_viewer_node.cpp:64:6:[m[K [01;35m[Kwarning: [m[Kleft operand of comma operator has no effect [[01;35m[K-Wunused-value[m[K]
[2.928s]    64 |     ([01;35m[K127[m[K, 127, 127),  //gray
[2.928s]       |      [01;35m[K^~~[m[K
[2.928s] [01m[K/home/vlad/ros2_ws/image_vis/src/image_viewer_node.cpp:64:16:[m[K [01;35m[Kwarning: [m[Kright operand of comma operator has no effect [[01;35m[K-Wunused-value[m[K]
[2.928s]    64 |     (127, 127, [01;35m[K127[m[K),  //gray
[2.928s]       |                [01;35m[K^~~[m[K
[2.928s] [01m[K/home/vlad/ros2_ws/image_vis/src/image_viewer_node.cpp:65:6:[m[K [01;35m[Kwarning: [m[Kleft operand of comma operator has no effect [[01;35m[K-Wunused-value[m[K]
[2.928s]    65 |     ([01;35m[K188[m[K, 189, 34),   //olive
[2.928s]       |      [01;35m[K^~~[m[K
[2.928s] [01m[K/home/vlad/ros2_ws/image_vis/src/image_viewer_node.cpp:65:16:[m[K [01;35m[Kwarning: [m[Kright operand of comma operator has no effect [[01;35m[K-Wunused-value[m[K]
[2.928s]    65 |     (188, 189, [01;35m[K34[m[K),   //olive
[2.928s]       |                [01;35m[K^~[m[K
[2.928s] [01m[K/home/vlad/ros2_ws/image_vis/src/image_viewer_node.cpp:66:6:[m[K [01;35m[Kwarning: [m[Kleft operand of comma operator has no effect [[01;35m[K-Wunused-value[m[K]
[2.929s]    66 |     ([01;35m[K23[m[K, 190, 207),   //cyan
[2.929s]       |      [01;35m[K^~[m[K
[2.929s] [01m[K/home/vlad/ros2_ws/image_vis/src/image_viewer_node.cpp:66:15:[m[K [01;35m[Kwarning: [m[Kright operand of comma operator has no effect [[01;35m[K-Wunused-value[m[K]
[2.929s]    66 |     (23, 190, [01;35m[K207[m[K),   //cyan
[2.929s]       |               [01;35m[K^~~[m[K
[2.930s] [01m[K/home/vlad/ros2_ws/image_vis/src/image_viewer_node.cpp:[m[K In function ‘[01m[Kvoid drawRandomCarSquare(cv::Mat&, Object, std::string, std::vector<std::__cxx11::basic_string<char> >, int)[m[K’:
[2.930s] [01m[K/home/vlad/ros2_ws/image_vis/src/image_viewer_node.cpp:122:91:[m[K [01;31m[Kerror: [m[K‘[01m[Kfont_size[m[K’ was not declared in this scope; did you mean ‘[01m[Kfont_scale[m[K’?
[2.930s]   122 |    cv::rectangle(image, cv::Point(x, y), cv::Point(x + width, y + height), result_color, [01;31m[Kfont_size[m[K);
[2.930s]       |                                                                                          [01;31m[K^~~~~~~~~[m[K
[2.930s]       |                                                                                          [32m[Kfont_scale[m[K
[2.930s] [01m[K/home/vlad/ros2_ws/image_vis/src/image_viewer_node.cpp:107:111:[m[K [01;35m[Kwarning: [m[Kunused parameter ‘[01m[Kfont_scale[m[K’ [[01;35m[K-Wunused-parameter[m[K]
[2.930s]   107 | re(cv::Mat &image, Object obj, std::string color, std::vector<std::string> classes, [01;35m[Kint font_scale[m[K){
[2.930s]       |                                                                                     [01;35m[K~~~~^~~~~~~~~~[m[K
[2.930s] 
[4.133s] make[2]: *** [CMakeFiles/image_viewer_node.dir/build.make:63: CMakeFiles/image_viewer_node.dir/src/image_viewer_node.cpp.o] Ошибка 1
[4.137s] make[1]: *** [CMakeFiles/Makefile2:78: CMakeFiles/image_viewer_node.dir/all] Ошибка 2
[4.137s] make: *** [Makefile:141: all] Ошибка 2
[4.138s] Invoked command in '/home/vlad/ros2_ws/image_vis/build/image_vis' returned '2': CMAKE_PREFIX_PATH=${CMAKE_PREFIX_PATH}:/opt/ros/galactic /usr/bin/cmake --build /home/vlad/ros2_ws/image_vis/build/image_vis -- -j4 -l4
