[0.222s] DEBUG:colcon:Command line arguments: ['/usr/bin/colcon', 'build']
[0.222s] DEBUG:colcon:Parsed command line arguments: Namespace(allow_overriding=[], ament_cmake_args=None, base_paths=['.'], build_base='build', catkin_cmake_args=None, catkin_skip_building_tests=False, cmake_args=None, cmake_clean_cache=False, cmake_clean_first=False, cmake_force_configure=False, cmake_target=None, cmake_target_skip_unavailable=False, continue_on_error=False, event_handlers=None, executor='parallel', ignore_user_meta=False, install_base='install', log_base=None, log_level=None, main=<bound method BuildVerb.main of <colcon_core.verb.build.BuildVerb object at 0x7fab43244610>>, merge_install=False, metas=['./colcon.meta'], mixin=None, mixin_files=None, mixin_verb=('build',), packages_above=None, packages_above_and_dependencies=None, packages_above_depth=None, packages_end=None, packages_ignore=None, packages_ignore_regex=None, packages_select=None, packages_select_build_failed=False, packages_select_by_dep=None, packages_select_regex=None, packages_select_test_failures=False, packages_skip=None, packages_skip_build_finished=False, packages_skip_by_dep=None, packages_skip_regex=None, packages_skip_test_passed=False, packages_skip_up_to=None, packages_start=None, packages_up_to=None, packages_up_to_regex=None, parallel_workers=4, paths=None, symlink_install=False, test_result_base=None, verb_extension=<colcon_core.verb.build.BuildVerb object at 0x7fab43244610>, verb_name='build', verb_parser=<colcon_mixin.mixin.mixin_argument.MixinArgumentDecorator object at 0x7fab431a9490>)
[0.399s] Level 1:colcon.colcon_core.package_discovery:discover_packages(colcon_meta) check parameters
[0.399s] Level 1:colcon.colcon_core.package_discovery:discover_packages(recursive) check parameters
[0.399s] Level 1:colcon.colcon_core.package_discovery:discover_packages(ignore) check parameters
[0.399s] Level 1:colcon.colcon_core.package_discovery:discover_packages(path) check parameters
[0.399s] Level 1:colcon.colcon_core.package_discovery:discover_packages(colcon_meta) discover
[0.399s] Level 1:colcon.colcon_core.package_discovery:discover_packages(recursive) discover
[0.399s] INFO:colcon.colcon_core.package_discovery:Crawling recursively for packages in '/home/vlad/ros2_ws/image_vis'
[0.399s] Level 1:colcon.colcon_core.package_identification:_identify(.) by extensions ['ignore', 'ignore_ament_install']
[0.399s] Level 1:colcon.colcon_core.package_identification:_identify(.) by extension 'ignore'
[0.400s] Level 1:colcon.colcon_core.package_identification:_identify(.) by extension 'ignore_ament_install'
[0.400s] Level 1:colcon.colcon_core.package_identification:_identify(.) by extensions ['colcon_pkg']
[0.400s] Level 1:colcon.colcon_core.package_identification:_identify(.) by extension 'colcon_pkg'
[0.400s] Level 1:colcon.colcon_core.package_identification:_identify(.) by extensions ['colcon_meta']
[0.400s] Level 1:colcon.colcon_core.package_identification:_identify(.) by extension 'colcon_meta'
[0.400s] Level 1:colcon.colcon_core.package_identification:_identify(.) by extensions ['ros']
[0.400s] Level 1:colcon.colcon_core.package_identification:_identify(.) by extension 'ros'
[0.413s] DEBUG:colcon.colcon_core.package_identification:Package '.' with type 'ros.ament_cmake' and name 'image_vis'
[0.413s] Level 1:colcon.colcon_core.package_discovery:discover_packages(recursive) using defaults
[0.413s] Level 1:colcon.colcon_core.package_discovery:discover_packages(ignore) discover
[0.413s] Level 1:colcon.colcon_core.package_discovery:discover_packages(ignore) using defaults
[0.414s] Level 1:colcon.colcon_core.package_discovery:discover_packages(path) discover
[0.414s] Level 1:colcon.colcon_core.package_discovery:discover_packages(path) using defaults
[0.440s] Level 1:colcon.colcon_core.package_discovery:discover_packages(prefix_path) check parameters
[0.440s] Level 1:colcon.colcon_core.package_discovery:discover_packages(prefix_path) discover
[0.442s] DEBUG:colcon.colcon_installed_package_information.package_discovery:Found 1 installed packages in /home/vlad/ros2_ws/image_vis/install
[0.443s] DEBUG:colcon.colcon_installed_package_information.package_discovery:Found 270 installed packages in /opt/ros/galactic
[0.445s] Level 1:colcon.colcon_core.package_discovery:discover_packages(prefix_path) using defaults
[0.511s] Level 5:colcon.colcon_core.verb:set package 'image_vis' build argument 'cmake_args' from command line to 'None'
[0.511s] Level 5:colcon.colcon_core.verb:set package 'image_vis' build argument 'cmake_target' from command line to 'None'
[0.511s] Level 5:colcon.colcon_core.verb:set package 'image_vis' build argument 'cmake_target_skip_unavailable' from command line to 'False'
[0.511s] Level 5:colcon.colcon_core.verb:set package 'image_vis' build argument 'cmake_clean_cache' from command line to 'False'
[0.511s] Level 5:colcon.colcon_core.verb:set package 'image_vis' build argument 'cmake_clean_first' from command line to 'False'
[0.511s] Level 5:colcon.colcon_core.verb:set package 'image_vis' build argument 'cmake_force_configure' from command line to 'False'
[0.511s] Level 5:colcon.colcon_core.verb:set package 'image_vis' build argument 'ament_cmake_args' from command line to 'None'
[0.511s] Level 5:colcon.colcon_core.verb:set package 'image_vis' build argument 'catkin_cmake_args' from command line to 'None'
[0.511s] Level 5:colcon.colcon_core.verb:set package 'image_vis' build argument 'catkin_skip_building_tests' from command line to 'False'
[0.511s] DEBUG:colcon.colcon_core.verb:Building package 'image_vis' with the following arguments: {'ament_cmake_args': None, 'build_base': '/home/vlad/ros2_ws/image_vis/build/image_vis', 'catkin_cmake_args': None, 'catkin_skip_building_tests': False, 'cmake_args': None, 'cmake_clean_cache': False, 'cmake_clean_first': False, 'cmake_force_configure': False, 'cmake_target': None, 'cmake_target_skip_unavailable': False, 'install_base': '/home/vlad/ros2_ws/image_vis/install/image_vis', 'merge_install': False, 'path': '/home/vlad/ros2_ws/image_vis', 'symlink_install': False, 'test_result_base': None}
[0.511s] INFO:colcon.colcon_core.executor:Executing jobs using 'parallel' executor
[0.512s] DEBUG:colcon.colcon_parallel_executor.executor.parallel:run_until_complete
[0.512s] INFO:colcon.colcon_ros.task.ament_cmake.build:Building ROS package in '/home/vlad/ros2_ws/image_vis' with build type 'ament_cmake'
[0.513s] INFO:colcon.colcon_cmake.task.cmake.build:Building CMake package in '/home/vlad/ros2_ws/image_vis'
[0.515s] INFO:colcon.colcon_core.plugin_system:Skipping extension 'colcon_core.shell.bat': Not used on non-Windows systems
[0.515s] INFO:colcon.colcon_core.shell:Skip shell extension 'powershell' for command environment: Not usable outside of PowerShell
[0.515s] DEBUG:colcon.colcon_core.shell:Skip shell extension 'dsv' for command environment
[0.527s] DEBUG:colcon.colcon_core.event_handler.log_command:Invoking command in '/home/vlad/ros2_ws/image_vis/build/image_vis': CMAKE_PREFIX_PATH=${CMAKE_PREFIX_PATH}:/opt/ros/galactic /usr/bin/cmake --build /home/vlad/ros2_ws/image_vis/build/image_vis -- -j4 -l4
[0.609s] DEBUG:colcon.colcon_core.event_handler.log_command:Invoked command in '/home/vlad/ros2_ws/image_vis/build/image_vis' returned '0': CMAKE_PREFIX_PATH=${CMAKE_PREFIX_PATH}:/opt/ros/galactic /usr/bin/cmake --build /home/vlad/ros2_ws/image_vis/build/image_vis -- -j4 -l4
[0.648s] DEBUG:colcon.colcon_core.event_handler.log_command:Invoking command in '/home/vlad/ros2_ws/image_vis/build/image_vis': CMAKE_PREFIX_PATH=${CMAKE_PREFIX_PATH}:/opt/ros/galactic /usr/bin/cmake --install /home/vlad/ros2_ws/image_vis/build/image_vis
[0.661s] Level 1:colcon.colcon_core.environment:create_environment_scripts_only(image_vis)
[0.662s] DEBUG:colcon.colcon_core.event_handler.log_command:Invoked command in '/home/vlad/ros2_ws/image_vis/build/image_vis' returned '0': CMAKE_PREFIX_PATH=${CMAKE_PREFIX_PATH}:/opt/ros/galactic /usr/bin/cmake --install /home/vlad/ros2_ws/image_vis/build/image_vis
[0.664s] Level 1:colcon.colcon_core.environment:checking '/home/vlad/ros2_ws/image_vis/install/image_vis' for CMake module files
[0.665s] Level 1:colcon.colcon_core.environment:checking '/home/vlad/ros2_ws/image_vis/install/image_vis' for CMake config files
[0.665s] Level 1:colcon.colcon_core.shell:create_environment_hook('image_vis', 'cmake_prefix_path')
[0.666s] INFO:colcon.colcon_core.shell:Creating environment hook '/home/vlad/ros2_ws/image_vis/install/image_vis/share/image_vis/hook/cmake_prefix_path.ps1'
[0.666s] INFO:colcon.colcon_core.shell:Creating environment descriptor '/home/vlad/ros2_ws/image_vis/install/image_vis/share/image_vis/hook/cmake_prefix_path.dsv'
[0.667s] INFO:colcon.colcon_core.shell:Creating environment hook '/home/vlad/ros2_ws/image_vis/install/image_vis/share/image_vis/hook/cmake_prefix_path.sh'
[0.668s] Level 1:colcon.colcon_core.environment:checking '/home/vlad/ros2_ws/image_vis/install/image_vis/lib'
[0.668s] Level 1:colcon.colcon_core.environment:checking '/home/vlad/ros2_ws/image_vis/install/image_vis/bin'
[0.668s] Level 1:colcon.colcon_core.environment:checking '/home/vlad/ros2_ws/image_vis/install/image_vis/lib/pkgconfig/image_vis.pc'
[0.668s] Level 1:colcon.colcon_core.environment:checking '/home/vlad/ros2_ws/image_vis/install/image_vis/lib/python3.8/site-packages'
[0.668s] Level 1:colcon.colcon_core.environment:checking '/home/vlad/ros2_ws/image_vis/install/image_vis/bin'
[0.669s] INFO:colcon.colcon_core.shell:Creating package script '/home/vlad/ros2_ws/image_vis/install/image_vis/share/image_vis/package.ps1'
[0.669s] INFO:colcon.colcon_core.shell:Creating package descriptor '/home/vlad/ros2_ws/image_vis/install/image_vis/share/image_vis/package.dsv'
[0.670s] INFO:colcon.colcon_core.shell:Creating package script '/home/vlad/ros2_ws/image_vis/install/image_vis/share/image_vis/package.sh'
[0.670s] INFO:colcon.colcon_core.shell:Creating package script '/home/vlad/ros2_ws/image_vis/install/image_vis/share/image_vis/package.bash'
[0.671s] INFO:colcon.colcon_core.shell:Creating package script '/home/vlad/ros2_ws/image_vis/install/image_vis/share/image_vis/package.zsh'
[0.672s] Level 1:colcon.colcon_core.environment:create_file_with_runtime_dependencies(/home/vlad/ros2_ws/image_vis/install/image_vis/share/colcon-core/packages/image_vis)
[0.696s] Level 1:colcon.colcon_core.environment:create_environment_scripts_only(image_vis)
[0.697s] Level 1:colcon.colcon_core.environment:checking '/home/vlad/ros2_ws/image_vis/install/image_vis' for CMake module files
[0.697s] Level 1:colcon.colcon_core.environment:checking '/home/vlad/ros2_ws/image_vis/install/image_vis' for CMake config files
[0.698s] Level 1:colcon.colcon_core.shell:create_environment_hook('image_vis', 'cmake_prefix_path')
[0.698s] INFO:colcon.colcon_core.shell:Creating environment hook '/home/vlad/ros2_ws/image_vis/install/image_vis/share/image_vis/hook/cmake_prefix_path.ps1'
[0.699s] INFO:colcon.colcon_core.shell:Creating environment descriptor '/home/vlad/ros2_ws/image_vis/install/image_vis/share/image_vis/hook/cmake_prefix_path.dsv'
[0.699s] INFO:colcon.colcon_core.shell:Creating environment hook '/home/vlad/ros2_ws/image_vis/install/image_vis/share/image_vis/hook/cmake_prefix_path.sh'
[0.700s] Level 1:colcon.colcon_core.environment:checking '/home/vlad/ros2_ws/image_vis/install/image_vis/lib'
[0.700s] Level 1:colcon.colcon_core.environment:checking '/home/vlad/ros2_ws/image_vis/install/image_vis/bin'
[0.700s] Level 1:colcon.colcon_core.environment:checking '/home/vlad/ros2_ws/image_vis/install/image_vis/lib/pkgconfig/image_vis.pc'
[0.700s] Level 1:colcon.colcon_core.environment:checking '/home/vlad/ros2_ws/image_vis/install/image_vis/lib/python3.8/site-packages'
[0.700s] Level 1:colcon.colcon_core.environment:checking '/home/vlad/ros2_ws/image_vis/install/image_vis/bin'
[0.701s] INFO:colcon.colcon_core.shell:Creating package script '/home/vlad/ros2_ws/image_vis/install/image_vis/share/image_vis/package.ps1'
[0.701s] INFO:colcon.colcon_core.shell:Creating package descriptor '/home/vlad/ros2_ws/image_vis/install/image_vis/share/image_vis/package.dsv'
[0.701s] INFO:colcon.colcon_core.shell:Creating package script '/home/vlad/ros2_ws/image_vis/install/image_vis/share/image_vis/package.sh'
[0.702s] INFO:colcon.colcon_core.shell:Creating package script '/home/vlad/ros2_ws/image_vis/install/image_vis/share/image_vis/package.bash'
[0.702s] INFO:colcon.colcon_core.shell:Creating package script '/home/vlad/ros2_ws/image_vis/install/image_vis/share/image_vis/package.zsh'
[0.703s] Level 1:colcon.colcon_core.environment:create_file_with_runtime_dependencies(/home/vlad/ros2_ws/image_vis/install/image_vis/share/colcon-core/packages/image_vis)
[0.704s] DEBUG:colcon.colcon_parallel_executor.executor.parallel:closing loop
[0.704s] DEBUG:colcon.colcon_parallel_executor.executor.parallel:loop closed
[0.704s] DEBUG:colcon.colcon_parallel_executor.executor.parallel:run_until_complete finished with '0'
[0.704s] DEBUG:colcon.colcon_core.event_reactor:joining thread
[0.710s] INFO:colcon.colcon_core.plugin_system:Skipping extension 'colcon_notification.desktop_notification.terminal_notifier': Not used on non-Darwin systems
[0.710s] INFO:colcon.colcon_core.plugin_system:Skipping extension 'colcon_notification.desktop_notification.win32': Not used on non-Windows systems
[0.710s] INFO:colcon.colcon_notification.desktop_notification:Sending desktop notification using 'notify2'
[0.723s] DEBUG:colcon.colcon_core.event_reactor:joined thread
[0.724s] INFO:colcon.colcon_core.shell:Creating prefix script '/home/vlad/ros2_ws/image_vis/install/local_setup.ps1'
[0.725s] INFO:colcon.colcon_core.shell:Creating prefix util module '/home/vlad/ros2_ws/image_vis/install/_local_setup_util_ps1.py'
[0.726s] INFO:colcon.colcon_core.shell:Creating prefix chain script '/home/vlad/ros2_ws/image_vis/install/setup.ps1'
[0.727s] INFO:colcon.colcon_core.shell:Creating prefix script '/home/vlad/ros2_ws/image_vis/install/local_setup.sh'
[0.728s] INFO:colcon.colcon_core.shell:Creating prefix util module '/home/vlad/ros2_ws/image_vis/install/_local_setup_util_sh.py'
[0.728s] INFO:colcon.colcon_core.shell:Creating prefix chain script '/home/vlad/ros2_ws/image_vis/install/setup.sh'
[0.729s] INFO:colcon.colcon_core.shell:Creating prefix script '/home/vlad/ros2_ws/image_vis/install/local_setup.bash'
[0.729s] INFO:colcon.colcon_core.shell:Creating prefix chain script '/home/vlad/ros2_ws/image_vis/install/setup.bash'
[0.730s] INFO:colcon.colcon_core.shell:Creating prefix script '/home/vlad/ros2_ws/image_vis/install/local_setup.zsh'
[0.731s] INFO:colcon.colcon_core.shell:Creating prefix chain script '/home/vlad/ros2_ws/image_vis/install/setup.zsh'
