[0.014s] Invoking command in '/home/vlad/ros2_ws/image_vis/build/image_vis': /usr/bin/cmake /home/vlad/ros2_ws/image_vis -DCMAKE_INSTALL_PREFIX=/home/vlad/ros2_ws/image_vis/install/image_vis
[0.065s] -- The C compiler identification is GNU 9.4.0
[0.115s] -- The CXX compiler identification is GNU 9.4.0
[0.119s] -- Check for working C compiler: /usr/bin/cc
[0.183s] -- Check for working C compiler: /usr/bin/cc -- works
[0.184s] -- Detecting C compiler ABI info
[0.246s] -- Detecting C compiler ABI info - done
[0.257s] -- Detecting C compile features
[0.258s] -- Detecting C compile features - done
[0.260s] -- Check for working CXX compiler: /usr/bin/c++
[0.333s] -- Check for working CXX compiler: /usr/bin/c++ -- works
[0.334s] -- Detecting CXX compiler ABI info
[0.424s] -- Detecting CXX compiler ABI info - done
[0.436s] -- Detecting CXX compile features
[0.437s] -- Detecting CXX compile features - done
[0.447s] CMake Error at CMakeLists.txt:8 (find_package):
[0.447s]   By not providing "Findament_cmake.cmake" in CMAKE_MODULE_PATH this project
[0.447s]   has asked CMake to find a package configuration file provided by
[0.447s]   "ament_cmake", but CMake did not find one.
[0.448s] 
[0.448s]   Could not find a package configuration file provided by "ament_cmake" with
[0.448s]   any of the following names:
[0.448s] 
[0.448s]     ament_cmakeConfig.cmake
[0.448s]     ament_cmake-config.cmake
[0.448s] 
[0.448s]   Add the installation prefix of "ament_cmake" to CMAKE_PREFIX_PATH or set
[0.448s]   "ament_cmake_DIR" to a directory containing one of the above files.  If
[0.448s]   "ament_cmake" provides a separate development package or SDK, be sure it
[0.448s]   has been installed.
[0.448s] 
[0.448s] 
[0.448s] -- Configuring incomplete, errors occurred!
[0.448s] See also "/home/vlad/ros2_ws/image_vis/build/image_vis/CMakeFiles/CMakeOutput.log".
[0.452s] Invoked command in '/home/vlad/ros2_ws/image_vis/build/image_vis' returned '1': /usr/bin/cmake /home/vlad/ros2_ws/image_vis -DCMAKE_INSTALL_PREFIX=/home/vlad/ros2_ws/image_vis/install/image_vis
