[0.011s] Invoking command in '/home/vlad/ros2_ws/image_vis/build/image_vis': CMAKE_PREFIX_PATH=/opt/ros/galactic /usr/bin/cmake /home/vlad/ros2_ws/image_vis -DCMAKE_INSTALL_PREFIX=/home/vlad/ros2_ws/image_vis/install/image_vis
[0.027s] -- Found ament_cmake: 1.1.6 (/opt/ros/galactic/share/ament_cmake/cmake)
[0.050s] -- Found PythonInterp: /usr/bin/python3 (found suitable version "3.8.10", minimum required is "3") 
[0.050s] -- Using PYTHON_EXECUTABLE: /usr/bin/python3
[0.120s] -- Found rclcpp: 9.2.2 (/opt/ros/galactic/share/rclcpp/cmake)
[0.165s] -- Using all available rosidl_typesupport_c: rosidl_typesupport_fastrtps_c;rosidl_typesupport_introspection_c
[0.170s] -- Found rosidl_adapter: 2.2.3 (/opt/ros/galactic/share/rosidl_adapter/cmake)
[0.248s] -- Found OpenSSL: /usr/lib/x86_64-linux-gnu/libcrypto.so (found version "1.1.1f")  
[0.277s] -- Found FastRTPS: /opt/ros/galactic/include  
[0.355s] -- Using all available rosidl_typesupport_cpp: rosidl_typesupport_fastrtps_cpp;rosidl_typesupport_introspection_cpp
[0.411s] -- Found rmw_implementation_cmake: 3.3.1 (/opt/ros/galactic/share/rmw_implementation_cmake/cmake)
[0.413s] -- Found rmw_cyclonedds_cpp: 0.22.6 (/opt/ros/galactic/share/rmw_cyclonedds_cpp/cmake)
[0.433s] -- Using RMW implementation 'rmw_cyclonedds_cpp' as default
[0.435s] -- Looking for pthread.h
[0.505s] -- Looking for pthread.h - found
[0.505s] -- Performing Test CMAKE_HAVE_LIBC_PTHREAD
[0.577s] -- Performing Test CMAKE_HAVE_LIBC_PTHREAD - Failed
[0.577s] -- Looking for pthread_create in pthreads
[0.636s] -- Looking for pthread_create in pthreads - not found
[0.636s] -- Looking for pthread_create in pthread
[0.704s] -- Looking for pthread_create in pthread - found
[0.705s] -- Found Threads: TRUE  
[0.855s] -- Found sensor_msgs: 2.2.4 (/opt/ros/galactic/share/sensor_msgs/cmake)
[0.971s] -- Found cv_bridge: 3.1.3 (/opt/ros/galactic/share/cv_bridge/cmake)
[0.999s] -- Found image_transport: 2.5.1 (/opt/ros/galactic/share/image_transport/cmake)
[1.060s] -- Found OpenCV: /usr (found version "4.2.0") 
[1.101s] -- Found ament_lint_auto: 0.10.7 (/opt/ros/galactic/share/ament_lint_auto/cmake)
[1.174s] -- Added test 'copyright' to check source files copyright and LICENSE
[1.179s] -- Added test 'cppcheck' to perform static code analysis on C / C++ code
[1.179s] -- Configured cppcheck include dirs: 
[1.179s] -- Configured cppcheck exclude dirs and/or files: 
[1.185s] -- Added test 'cpplint' to check C / C++ code against the Google style
[1.185s] -- Configured cpplint exclude dirs and/or files: 
[1.186s] -- Added test 'flake8' to check Python code syntax and style conventions
[1.188s] -- Added test 'lint_cmake' to check CMake code style
[1.189s] -- Added test 'pep257' to check Python code against some of the style conventions in PEP 257
[1.195s] -- Added test 'uncrustify' to check C / C++ code style
[1.195s] -- Configured uncrustify additional arguments: 
[1.197s] -- Added test 'xmllint' to check XML markup files
[1.200s] -- Configuring done
[1.222s] -- Generating done
[1.223s] -- Build files have been written to: /home/vlad/ros2_ws/image_vis/build/image_vis
[1.231s] Invoked command in '/home/vlad/ros2_ws/image_vis/build/image_vis' returned '0': CMAKE_PREFIX_PATH=/opt/ros/galactic /usr/bin/cmake /home/vlad/ros2_ws/image_vis -DCMAKE_INSTALL_PREFIX=/home/vlad/ros2_ws/image_vis/install/image_vis
[1.234s] Invoking command in '/home/vlad/ros2_ws/image_vis/build/image_vis': CMAKE_PREFIX_PATH=/opt/ros/galactic /usr/bin/cmake --build /home/vlad/ros2_ws/image_vis/build/image_vis -- -j4 -l4
[1.276s] [35m[1mScanning dependencies of target image_viewer_node[0m
[1.342s] [ 50%] [32mBuilding CXX object CMakeFiles/image_viewer_node.dir/src/image_viewer_node.cpp.o[0m
[5.289s] [100%] [32m[1mLinking CXX executable image_viewer_node[0m
[5.748s] [100%] Built target image_viewer_node
[5.770s] Invoked command in '/home/vlad/ros2_ws/image_vis/build/image_vis' returned '0': CMAKE_PREFIX_PATH=/opt/ros/galactic /usr/bin/cmake --build /home/vlad/ros2_ws/image_vis/build/image_vis -- -j4 -l4
[5.807s] Invoking command in '/home/vlad/ros2_ws/image_vis/build/image_vis': CMAKE_PREFIX_PATH=/opt/ros/galactic /usr/bin/cmake --install /home/vlad/ros2_ws/image_vis/build/image_vis
[5.815s] -- Install configuration: ""
[5.816s] -- Installing: /home/vlad/ros2_ws/image_vis/install/image_vis/lib/image_vis/image_viewer_node
[5.816s] -- Set runtime path of "/home/vlad/ros2_ws/image_vis/install/image_vis/lib/image_vis/image_viewer_node" to ""
[5.816s] -- Installing: /home/vlad/ros2_ws/image_vis/install/image_vis/share/ament_index/resource_index/package_run_dependencies/image_vis
[5.817s] -- Installing: /home/vlad/ros2_ws/image_vis/install/image_vis/share/ament_index/resource_index/parent_prefix_path/image_vis
[5.817s] -- Installing: /home/vlad/ros2_ws/image_vis/install/image_vis/share/image_vis/environment/ament_prefix_path.sh
[5.817s] -- Installing: /home/vlad/ros2_ws/image_vis/install/image_vis/share/image_vis/environment/ament_prefix_path.dsv
[5.818s] -- Installing: /home/vlad/ros2_ws/image_vis/install/image_vis/share/image_vis/environment/path.sh
[5.818s] -- Installing: /home/vlad/ros2_ws/image_vis/install/image_vis/share/image_vis/environment/path.dsv
[5.818s] -- Installing: /home/vlad/ros2_ws/image_vis/install/image_vis/share/image_vis/local_setup.bash
[5.818s] -- Installing: /home/vlad/ros2_ws/image_vis/install/image_vis/share/image_vis/local_setup.sh
[5.819s] -- Installing: /home/vlad/ros2_ws/image_vis/install/image_vis/share/image_vis/local_setup.zsh
[5.819s] -- Installing: /home/vlad/ros2_ws/image_vis/install/image_vis/share/image_vis/local_setup.dsv
[5.819s] -- Installing: /home/vlad/ros2_ws/image_vis/install/image_vis/share/image_vis/package.dsv
[5.819s] -- Installing: /home/vlad/ros2_ws/image_vis/install/image_vis/share/ament_index/resource_index/packages/image_vis
[5.819s] -- Installing: /home/vlad/ros2_ws/image_vis/install/image_vis/share/image_vis/cmake/image_visConfig.cmake
[5.819s] -- Installing: /home/vlad/ros2_ws/image_vis/install/image_vis/share/image_vis/cmake/image_visConfig-version.cmake
[5.819s] -- Installing: /home/vlad/ros2_ws/image_vis/install/image_vis/share/image_vis/package.xml
[5.824s] Invoked command in '/home/vlad/ros2_ws/image_vis/build/image_vis' returned '0': CMAKE_PREFIX_PATH=/opt/ros/galactic /usr/bin/cmake --install /home/vlad/ros2_ws/image_vis/build/image_vis
