[0.237s] DEBUG:colcon:Command line arguments: ['/usr/bin/colcon', 'build']
[0.238s] DEBUG:colcon:Parsed command line arguments: Namespace(allow_overriding=[], ament_cmake_args=None, base_paths=['.'], build_base='build', catkin_cmake_args=None, catkin_skip_building_tests=False, cmake_args=None, cmake_clean_cache=False, cmake_clean_first=False, cmake_force_configure=False, cmake_target=None, cmake_target_skip_unavailable=False, continue_on_error=False, event_handlers=None, executor='parallel', ignore_user_meta=False, install_base='install', log_base=None, log_level=None, main=<bound method BuildVerb.main of <colcon_core.verb.build.BuildVerb object at 0x7fcb418d7610>>, merge_install=False, metas=['./colcon.meta'], mixin=None, mixin_files=None, mixin_verb=('build',), packages_above=None, packages_above_and_dependencies=None, packages_above_depth=None, packages_end=None, packages_ignore=None, packages_ignore_regex=None, packages_select=None, packages_select_build_failed=False, packages_select_by_dep=None, packages_select_regex=None, packages_select_test_failures=False, packages_skip=None, packages_skip_build_finished=False, packages_skip_by_dep=None, packages_skip_regex=None, packages_skip_test_passed=False, packages_skip_up_to=None, packages_start=None, packages_up_to=None, packages_up_to_regex=None, parallel_workers=4, paths=None, symlink_install=False, test_result_base=None, verb_extension=<colcon_core.verb.build.BuildVerb object at 0x7fcb418d7610>, verb_name='build', verb_parser=<colcon_mixin.mixin.mixin_argument.MixinArgumentDecorator object at 0x7fcb4183d490>)
[0.434s] Level 1:colcon.colcon_core.package_discovery:discover_packages(colcon_meta) check parameters
[0.434s] Level 1:colcon.colcon_core.package_discovery:discover_packages(recursive) check parameters
[0.434s] Level 1:colcon.colcon_core.package_discovery:discover_packages(ignore) check parameters
[0.434s] Level 1:colcon.colcon_core.package_discovery:discover_packages(path) check parameters
[0.434s] Level 1:colcon.colcon_core.package_discovery:discover_packages(colcon_meta) discover
[0.434s] Level 1:colcon.colcon_core.package_discovery:discover_packages(recursive) discover
[0.434s] INFO:colcon.colcon_core.package_discovery:Crawling recursively for packages in '/home/vlad/ros2_ws/image_vis'
[0.434s] Level 1:colcon.colcon_core.package_identification:_identify(.) by extensions ['ignore', 'ignore_ament_install']
[0.434s] Level 1:colcon.colcon_core.package_identification:_identify(.) by extension 'ignore'
[0.434s] Level 1:colcon.colcon_core.package_identification:_identify(.) by extension 'ignore_ament_install'
[0.434s] Level 1:colcon.colcon_core.package_identification:_identify(.) by extensions ['colcon_pkg']
[0.434s] Level 1:colcon.colcon_core.package_identification:_identify(.) by extension 'colcon_pkg'
[0.434s] Level 1:colcon.colcon_core.package_identification:_identify(.) by extensions ['colcon_meta']
[0.435s] Level 1:colcon.colcon_core.package_identification:_identify(.) by extension 'colcon_meta'
[0.435s] Level 1:colcon.colcon_core.package_identification:_identify(.) by extensions ['ros']
[0.435s] Level 1:colcon.colcon_core.package_identification:_identify(.) by extension 'ros'
[0.449s] DEBUG:colcon.colcon_core.package_identification:Package '.' with type 'ros.ament_cmake' and name 'image_vis'
[0.449s] Level 1:colcon.colcon_core.package_discovery:discover_packages(recursive) using defaults
[0.449s] Level 1:colcon.colcon_core.package_discovery:discover_packages(ignore) discover
[0.449s] Level 1:colcon.colcon_core.package_discovery:discover_packages(ignore) using defaults
[0.449s] Level 1:colcon.colcon_core.package_discovery:discover_packages(path) discover
[0.449s] Level 1:colcon.colcon_core.package_discovery:discover_packages(path) using defaults
[0.474s] Level 1:colcon.colcon_core.package_discovery:discover_packages(prefix_path) check parameters
[0.474s] Level 1:colcon.colcon_core.package_discovery:discover_packages(prefix_path) discover
[0.476s] DEBUG:colcon.colcon_installed_package_information.package_discovery:Found 1 installed packages in /home/vlad/ros2_ws/image_vis/install
[0.477s] DEBUG:colcon.colcon_installed_package_information.package_discovery:Found 270 installed packages in /opt/ros/galactic
[0.478s] Level 1:colcon.colcon_core.package_discovery:discover_packages(prefix_path) using defaults
[0.544s] Level 5:colcon.colcon_core.verb:set package 'image_vis' build argument 'cmake_args' from command line to 'None'
[0.544s] Level 5:colcon.colcon_core.verb:set package 'image_vis' build argument 'cmake_target' from command line to 'None'
[0.544s] Level 5:colcon.colcon_core.verb:set package 'image_vis' build argument 'cmake_target_skip_unavailable' from command line to 'False'
[0.544s] Level 5:colcon.colcon_core.verb:set package 'image_vis' build argument 'cmake_clean_cache' from command line to 'False'
[0.544s] Level 5:colcon.colcon_core.verb:set package 'image_vis' build argument 'cmake_clean_first' from command line to 'False'
[0.544s] Level 5:colcon.colcon_core.verb:set package 'image_vis' build argument 'cmake_force_configure' from command line to 'False'
[0.544s] Level 5:colcon.colcon_core.verb:set package 'image_vis' build argument 'ament_cmake_args' from command line to 'None'
[0.544s] Level 5:colcon.colcon_core.verb:set package 'image_vis' build argument 'catkin_cmake_args' from command line to 'None'
[0.544s] Level 5:colcon.colcon_core.verb:set package 'image_vis' build argument 'catkin_skip_building_tests' from command line to 'False'
[0.544s] DEBUG:colcon.colcon_core.verb:Building package 'image_vis' with the following arguments: {'ament_cmake_args': None, 'build_base': '/home/vlad/ros2_ws/image_vis/build/image_vis', 'catkin_cmake_args': None, 'catkin_skip_building_tests': False, 'cmake_args': None, 'cmake_clean_cache': False, 'cmake_clean_first': False, 'cmake_force_configure': False, 'cmake_target': None, 'cmake_target_skip_unavailable': False, 'install_base': '/home/vlad/ros2_ws/image_vis/install/image_vis', 'merge_install': False, 'path': '/home/vlad/ros2_ws/image_vis', 'symlink_install': False, 'test_result_base': None}
[0.544s] INFO:colcon.colcon_core.executor:Executing jobs using 'parallel' executor
[0.545s] DEBUG:colcon.colcon_parallel_executor.executor.parallel:run_until_complete
[0.546s] INFO:colcon.colcon_ros.task.ament_cmake.build:Building ROS package in '/home/vlad/ros2_ws/image_vis' with build type 'ament_cmake'
[0.546s] INFO:colcon.colcon_cmake.task.cmake.build:Building CMake package in '/home/vlad/ros2_ws/image_vis'
[0.548s] INFO:colcon.colcon_core.plugin_system:Skipping extension 'colcon_core.shell.bat': Not used on non-Windows systems
[0.548s] INFO:colcon.colcon_core.shell:Skip shell extension 'powershell' for command environment: Not usable outside of PowerShell
[0.548s] DEBUG:colcon.colcon_core.shell:Skip shell extension 'dsv' for command environment
[0.561s] DEBUG:colcon.colcon_core.event_handler.log_command:Invoking command in '/home/vlad/ros2_ws/image_vis/build/image_vis': CMAKE_PREFIX_PATH=${CMAKE_PREFIX_PATH}:/opt/ros/galactic /usr/bin/cmake --build /home/vlad/ros2_ws/image_vis/build/image_vis -- -j4 -l4
[5.490s] DEBUG:colcon.colcon_core.event_handler.log_command:Invoked command in '/home/vlad/ros2_ws/image_vis/build/image_vis' returned '0': CMAKE_PREFIX_PATH=${CMAKE_PREFIX_PATH}:/opt/ros/galactic /usr/bin/cmake --build /home/vlad/ros2_ws/image_vis/build/image_vis -- -j4 -l4
[5.528s] DEBUG:colcon.colcon_core.event_handler.log_command:Invoking command in '/home/vlad/ros2_ws/image_vis/build/image_vis': CMAKE_PREFIX_PATH=${CMAKE_PREFIX_PATH}:/opt/ros/galactic /usr/bin/cmake --install /home/vlad/ros2_ws/image_vis/build/image_vis
[5.545s] Level 1:colcon.colcon_core.environment:create_environment_scripts_only(image_vis)
[5.546s] DEBUG:colcon.colcon_core.event_handler.log_command:Invoked command in '/home/vlad/ros2_ws/image_vis/build/image_vis' returned '0': CMAKE_PREFIX_PATH=${CMAKE_PREFIX_PATH}:/opt/ros/galactic /usr/bin/cmake --install /home/vlad/ros2_ws/image_vis/build/image_vis
[5.548s] Level 1:colcon.colcon_core.environment:checking '/home/vlad/ros2_ws/image_vis/install/image_vis' for CMake module files
[5.549s] Level 1:colcon.colcon_core.environment:checking '/home/vlad/ros2_ws/image_vis/install/image_vis' for CMake config files
[5.549s] Level 1:colcon.colcon_core.shell:create_environment_hook('image_vis', 'cmake_prefix_path')
[5.549s] INFO:colcon.colcon_core.shell:Creating environment hook '/home/vlad/ros2_ws/image_vis/install/image_vis/share/image_vis/hook/cmake_prefix_path.ps1'
[5.550s] INFO:colcon.colcon_core.shell:Creating environment descriptor '/home/vlad/ros2_ws/image_vis/install/image_vis/share/image_vis/hook/cmake_prefix_path.dsv'
[5.551s] INFO:colcon.colcon_core.shell:Creating environment hook '/home/vlad/ros2_ws/image_vis/install/image_vis/share/image_vis/hook/cmake_prefix_path.sh'
[5.551s] Level 1:colcon.colcon_core.environment:checking '/home/vlad/ros2_ws/image_vis/install/image_vis/lib'
[5.552s] Level 1:colcon.colcon_core.environment:checking '/home/vlad/ros2_ws/image_vis/install/image_vis/bin'
[5.552s] Level 1:colcon.colcon_core.environment:checking '/home/vlad/ros2_ws/image_vis/install/image_vis/lib/pkgconfig/image_vis.pc'
[5.552s] Level 1:colcon.colcon_core.environment:checking '/home/vlad/ros2_ws/image_vis/install/image_vis/lib/python3.8/site-packages'
[5.552s] Level 1:colcon.colcon_core.environment:checking '/home/vlad/ros2_ws/image_vis/install/image_vis/bin'
[5.553s] INFO:colcon.colcon_core.shell:Creating package script '/home/vlad/ros2_ws/image_vis/install/image_vis/share/image_vis/package.ps1'
[5.553s] INFO:colcon.colcon_core.shell:Creating package descriptor '/home/vlad/ros2_ws/image_vis/install/image_vis/share/image_vis/package.dsv'
[5.554s] INFO:colcon.colcon_core.shell:Creating package script '/home/vlad/ros2_ws/image_vis/install/image_vis/share/image_vis/package.sh'
[5.554s] INFO:colcon.colcon_core.shell:Creating package script '/home/vlad/ros2_ws/image_vis/install/image_vis/share/image_vis/package.bash'
[5.555s] INFO:colcon.colcon_core.shell:Creating package script '/home/vlad/ros2_ws/image_vis/install/image_vis/share/image_vis/package.zsh'
[5.556s] Level 1:colcon.colcon_core.environment:create_file_with_runtime_dependencies(/home/vlad/ros2_ws/image_vis/install/image_vis/share/colcon-core/packages/image_vis)
[5.584s] Level 1:colcon.colcon_core.environment:create_environment_scripts_only(image_vis)
[5.585s] Level 1:colcon.colcon_core.environment:checking '/home/vlad/ros2_ws/image_vis/install/image_vis' for CMake module files
[5.585s] Level 1:colcon.colcon_core.environment:checking '/home/vlad/ros2_ws/image_vis/install/image_vis' for CMake config files
[5.586s] Level 1:colcon.colcon_core.shell:create_environment_hook('image_vis', 'cmake_prefix_path')
[5.586s] INFO:colcon.colcon_core.shell:Creating environment hook '/home/vlad/ros2_ws/image_vis/install/image_vis/share/image_vis/hook/cmake_prefix_path.ps1'
[5.586s] INFO:colcon.colcon_core.shell:Creating environment descriptor '/home/vlad/ros2_ws/image_vis/install/image_vis/share/image_vis/hook/cmake_prefix_path.dsv'
[5.587s] INFO:colcon.colcon_core.shell:Creating environment hook '/home/vlad/ros2_ws/image_vis/install/image_vis/share/image_vis/hook/cmake_prefix_path.sh'
[5.587s] Level 1:colcon.colcon_core.environment:checking '/home/vlad/ros2_ws/image_vis/install/image_vis/lib'
[5.587s] Level 1:colcon.colcon_core.environment:checking '/home/vlad/ros2_ws/image_vis/install/image_vis/bin'
[5.587s] Level 1:colcon.colcon_core.environment:checking '/home/vlad/ros2_ws/image_vis/install/image_vis/lib/pkgconfig/image_vis.pc'
[5.588s] Level 1:colcon.colcon_core.environment:checking '/home/vlad/ros2_ws/image_vis/install/image_vis/lib/python3.8/site-packages'
[5.588s] Level 1:colcon.colcon_core.environment:checking '/home/vlad/ros2_ws/image_vis/install/image_vis/bin'
[5.588s] INFO:colcon.colcon_core.shell:Creating package script '/home/vlad/ros2_ws/image_vis/install/image_vis/share/image_vis/package.ps1'
[5.589s] INFO:colcon.colcon_core.shell:Creating package descriptor '/home/vlad/ros2_ws/image_vis/install/image_vis/share/image_vis/package.dsv'
[5.589s] INFO:colcon.colcon_core.shell:Creating package script '/home/vlad/ros2_ws/image_vis/install/image_vis/share/image_vis/package.sh'
[5.590s] INFO:colcon.colcon_core.shell:Creating package script '/home/vlad/ros2_ws/image_vis/install/image_vis/share/image_vis/package.bash'
[5.590s] INFO:colcon.colcon_core.shell:Creating package script '/home/vlad/ros2_ws/image_vis/install/image_vis/share/image_vis/package.zsh'
[5.590s] Level 1:colcon.colcon_core.environment:create_file_with_runtime_dependencies(/home/vlad/ros2_ws/image_vis/install/image_vis/share/colcon-core/packages/image_vis)
[5.591s] DEBUG:colcon.colcon_parallel_executor.executor.parallel:closing loop
[5.591s] DEBUG:colcon.colcon_parallel_executor.executor.parallel:loop closed
[5.591s] DEBUG:colcon.colcon_parallel_executor.executor.parallel:run_until_complete finished with '0'
[5.592s] DEBUG:colcon.colcon_core.event_reactor:joining thread
[5.597s] INFO:colcon.colcon_core.plugin_system:Skipping extension 'colcon_notification.desktop_notification.terminal_notifier': Not used on non-Darwin systems
[5.598s] INFO:colcon.colcon_core.plugin_system:Skipping extension 'colcon_notification.desktop_notification.win32': Not used on non-Windows systems
[5.598s] INFO:colcon.colcon_notification.desktop_notification:Sending desktop notification using 'notify2'
[5.618s] DEBUG:colcon.colcon_core.event_reactor:joined thread
[5.618s] INFO:colcon.colcon_core.shell:Creating prefix script '/home/vlad/ros2_ws/image_vis/install/local_setup.ps1'
[5.619s] INFO:colcon.colcon_core.shell:Creating prefix util module '/home/vlad/ros2_ws/image_vis/install/_local_setup_util_ps1.py'
[5.621s] INFO:colcon.colcon_core.shell:Creating prefix chain script '/home/vlad/ros2_ws/image_vis/install/setup.ps1'
[5.622s] INFO:colcon.colcon_core.shell:Creating prefix script '/home/vlad/ros2_ws/image_vis/install/local_setup.sh'
[5.623s] INFO:colcon.colcon_core.shell:Creating prefix util module '/home/vlad/ros2_ws/image_vis/install/_local_setup_util_sh.py'
[5.623s] INFO:colcon.colcon_core.shell:Creating prefix chain script '/home/vlad/ros2_ws/image_vis/install/setup.sh'
[5.624s] INFO:colcon.colcon_core.shell:Creating prefix script '/home/vlad/ros2_ws/image_vis/install/local_setup.bash'
[5.625s] INFO:colcon.colcon_core.shell:Creating prefix chain script '/home/vlad/ros2_ws/image_vis/install/setup.bash'
[5.625s] INFO:colcon.colcon_core.shell:Creating prefix script '/home/vlad/ros2_ws/image_vis/install/local_setup.zsh'
[5.626s] INFO:colcon.colcon_core.shell:Creating prefix chain script '/home/vlad/ros2_ws/image_vis/install/setup.zsh'
