[35m[1mScanning dependencies of target image_viewer_node[0m
[ 50%] [32mBuilding CXX object CMakeFiles/image_viewer_node.dir/src/image_viewer_node.cpp.o[0m
[01m[K/home/vlad/ros2_ws/image_vis/src/image_viewer_node.cpp:57:6:[m[K [01;35m[Kwarning: [m[Kleft operand of comma operator has no effect [[01;35m[K-Wunused-value[m[K]
   57 |     ([01;35m[K31[m[K, 119, 180),   //blue
      |      [01;35m[K^~[m[K
[01m[K/home/vlad/ros2_ws/image_vis/src/image_viewer_node.cpp:57:15:[m[K [01;35m[Kwarning: [m[Kright operand of comma operator has no effect [[01;35m[K-Wunused-value[m[K]
   57 |     (31, 119, [01;35m[K180[m[K),   //blue
      |               [01;35m[K^~~[m[K
[01m[K/home/vlad/ros2_ws/image_vis/src/image_viewer_node.cpp:58:6:[m[K [01;35m[Kwarning: [m[Kleft operand of comma operator has no effect [[01;35m[K-Wunused-value[m[K]
   58 |     ([01;35m[K255[m[K, 127, 14),   //orange
      |      [01;35m[K^~~[m[K
[01m[K/home/vlad/ros2_ws/image_vis/src/image_viewer_node.cpp:58:16:[m[K [01;35m[Kwarning: [m[Kright operand of comma operator has no effect [[01;35m[K-Wunused-value[m[K]
   58 |     (255, 127, [01;35m[K14[m[K),   //orange
      |                [01;35m[K^~[m[K
[01m[K/home/vlad/ros2_ws/image_vis/src/image_viewer_node.cpp:59:6:[m[K [01;35m[Kwarning: [m[Kleft operand of comma operator has no effect [[01;35m[K-Wunused-value[m[K]
   59 |     ([01;35m[K44[m[K, 160, 44),    //green
      |      [01;35m[K^~[m[K
[01m[K/home/vlad/ros2_ws/image_vis/src/image_viewer_node.cpp:59:15:[m[K [01;35m[Kwarning: [m[Kright operand of comma operator has no effect [[01;35m[K-Wunused-value[m[K]
   59 |     (44, 160, [01;35m[K44[m[K),    //green
      |               [01;35m[K^~[m[K
[01m[K/home/vlad/ros2_ws/image_vis/src/image_viewer_node.cpp:60:6:[m[K [01;35m[Kwarning: [m[Kleft operand of comma operator has no effect [[01;35m[K-Wunused-value[m[K]
   60 |     ([01;35m[K214[m[K, 39, 40),    //red
      |      [01;35m[K^~~[m[K
[01m[K/home/vlad/ros2_ws/image_vis/src/image_viewer_node.cpp:60:15:[m[K [01;35m[Kwarning: [m[Kright operand of comma operator has no effect [[01;35m[K-Wunused-value[m[K]
   60 |     (214, 39, [01;35m[K40[m[K),    //red
      |               [01;35m[K^~[m[K
[01m[K/home/vlad/ros2_ws/image_vis/src/image_viewer_node.cpp:61:6:[m[K [01;35m[Kwarning: [m[Kleft operand of comma operator has no effect [[01;35m[K-Wunused-value[m[K]
   61 |     ([01;35m[K148[m[K, 103, 189),  //purple
      |      [01;35m[K^~~[m[K
[01m[K/home/vlad/ros2_ws/image_vis/src/image_viewer_node.cpp:61:16:[m[K [01;35m[Kwarning: [m[Kright operand of comma operator has no effect [[01;35m[K-Wunused-value[m[K]
   61 |     (148, 103, [01;35m[K189[m[K),  //purple
      |                [01;35m[K^~~[m[K
[01m[K/home/vlad/ros2_ws/image_vis/src/image_viewer_node.cpp:62:6:[m[K [01;35m[Kwarning: [m[Kleft operand of comma operator has no effect [[01;35m[K-Wunused-value[m[K]
   62 |     ([01;35m[K140[m[K, 86, 75),    //brown
      |      [01;35m[K^~~[m[K
[01m[K/home/vlad/ros2_ws/image_vis/src/image_viewer_node.cpp:62:15:[m[K [01;35m[Kwarning: [m[Kright operand of comma operator has no effect [[01;35m[K-Wunused-value[m[K]
   62 |     (140, 86, [01;35m[K75[m[K),    //brown
      |               [01;35m[K^~[m[K
[01m[K/home/vlad/ros2_ws/image_vis/src/image_viewer_node.cpp:63:6:[m[K [01;35m[Kwarning: [m[Kleft operand of comma operator has no effect [[01;35m[K-Wunused-value[m[K]
   63 |     ([01;35m[K227[m[K, 119, 194),  //pink
      |      [01;35m[K^~~[m[K
[01m[K/home/vlad/ros2_ws/image_vis/src/image_viewer_node.cpp:63:16:[m[K [01;35m[Kwarning: [m[Kright operand of comma operator has no effect [[01;35m[K-Wunused-value[m[K]
   63 |     (227, 119, [01;35m[K194[m[K),  //pink
      |                [01;35m[K^~~[m[K
[01m[K/home/vlad/ros2_ws/image_vis/src/image_viewer_node.cpp:64:6:[m[K [01;35m[Kwarning: [m[Kleft operand of comma operator has no effect [[01;35m[K-Wunused-value[m[K]
   64 |     ([01;35m[K127[m[K, 127, 127),  //gray
      |      [01;35m[K^~~[m[K
[01m[K/home/vlad/ros2_ws/image_vis/src/image_viewer_node.cpp:64:16:[m[K [01;35m[Kwarning: [m[Kright operand of comma operator has no effect [[01;35m[K-Wunused-value[m[K]
   64 |     (127, 127, [01;35m[K127[m[K),  //gray
      |                [01;35m[K^~~[m[K
[01m[K/home/vlad/ros2_ws/image_vis/src/image_viewer_node.cpp:65:6:[m[K [01;35m[Kwarning: [m[Kleft operand of comma operator has no effect [[01;35m[K-Wunused-value[m[K]
   65 |     ([01;35m[K188[m[K, 189, 34),   //olive
      |      [01;35m[K^~~[m[K
[01m[K/home/vlad/ros2_ws/image_vis/src/image_viewer_node.cpp:65:16:[m[K [01;35m[Kwarning: [m[Kright operand of comma operator has no effect [[01;35m[K-Wunused-value[m[K]
   65 |     (188, 189, [01;35m[K34[m[K),   //olive
      |                [01;35m[K^~[m[K
[01m[K/home/vlad/ros2_ws/image_vis/src/image_viewer_node.cpp:66:6:[m[K [01;35m[Kwarning: [m[Kleft operand of comma operator has no effect [[01;35m[K-Wunused-value[m[K]
   66 |     ([01;35m[K23[m[K, 190, 207),   //cyan
      |      [01;35m[K^~[m[K
[01m[K/home/vlad/ros2_ws/image_vis/src/image_viewer_node.cpp:66:15:[m[K [01;35m[Kwarning: [m[Kright operand of comma operator has no effect [[01;35m[K-Wunused-value[m[K]
   66 |     (23, 190, [01;35m[K207[m[K),   //cyan
      |               [01;35m[K^~~[m[K
[01m[K/home/vlad/ros2_ws/image_vis/src/image_viewer_node.cpp:[m[K In function ‘[01m[Kvoid drawRandomCarSquare(cv::Mat&, Object, std::string, std::vector<std::__cxx11::basic_string<char> >, int)[m[K’:
[01m[K/home/vlad/ros2_ws/image_vis/src/image_viewer_node.cpp:122:91:[m[K [01;31m[Kerror: [m[K‘[01m[Kfont_size[m[K’ was not declared in this scope; did you mean ‘[01m[Kfont_scale[m[K’?
  122 |    cv::rectangle(image, cv::Point(x, y), cv::Point(x + width, y + height), result_color, [01;31m[Kfont_size[m[K);
      |                                                                                          [01;31m[K^~~~~~~~~[m[K
      |                                                                                          [32m[Kfont_scale[m[K
[01m[K/home/vlad/ros2_ws/image_vis/src/image_viewer_node.cpp:107:111:[m[K [01;35m[Kwarning: [m[Kunused parameter ‘[01m[Kfont_scale[m[K’ [[01;35m[K-Wunused-parameter[m[K]
  107 | re(cv::Mat &image, Object obj, std::string color, std::vector<std::string> classes, [01;35m[Kint font_scale[m[K){
      |                                                                                     [01;35m[K~~~~^~~~~~~~~~[m[K

[01m[K/home/vlad/ros2_ws/image_vis/src/image_viewer_node.cpp:[m[K In member function ‘[01m[Kvoid ImageViewerNode::imageCallback(const ConstSharedPtr&)[m[K’:
[01m[K/home/vlad/ros2_ws/image_vis/src/image_viewer_node.cpp:154:53:[m[K [01;31m[Kerror: [m[K‘[01m[Kcolor[m[K’ was not declared in this scope
  154 |             drawRandomCarSquare(cv_ptr->image, obj, [01;31m[Kcolor[m[K, classes, font_scale);
      |                                                     [01;31m[K^~~~~[m[K
[01m[K/home/vlad/ros2_ws/image_vis/src/image_viewer_node.cpp:154:60:[m[K [01;31m[Kerror: [m[K‘[01m[Kclasses[m[K’ was not declared in this scope; did you mean ‘[01m[Kclass[m[K’?
  154 |             drawRandomCarSquare(cv_ptr->image, obj, color, [01;31m[Kclasses[m[K, font_scale);
      |                                                            [01;31m[K^~~~~~~[m[K
      |                                                            [32m[Kclass[m[K
[01m[K/home/vlad/ros2_ws/image_vis/src/image_viewer_node.cpp:154:69:[m[K [01;31m[Kerror: [m[K‘[01m[Kfont_scale[m[K’ was not declared in this scope
  154 |             drawRandomCarSquare(cv_ptr->image, obj, color, classes, [01;31m[Kfont_scale[m[K);
      |                                                                     [01;31m[K^~~~~~~~~~[m[K
make[2]: *** [CMakeFiles/image_viewer_node.dir/build.make:63: CMakeFiles/image_viewer_node.dir/src/image_viewer_node.cpp.o] Ошибка 1
make[1]: *** [CMakeFiles/Makefile2:78: CMakeFiles/image_viewer_node.dir/all] Ошибка 2
make: *** [Makefile:141: all] Ошибка 2
