[01m[K/home/vlad/ros2_ws/image_vis/src/image_viewer_node.cpp:57:6:[m[K [01;35m[Kwarning: [m[Kleft operand of comma operator has no effect [[01;35m[K-Wunused-value[m[K]
   57 |     ([01;35m[K31[m[K, 119, 180),   //blue
      |      [01;35m[K^~[m[K
[01m[K/home/vlad/ros2_ws/image_vis/src/image_viewer_node.cpp:57:15:[m[K [01;35m[Kwarning: [m[Kright operand of comma operator has no effect [[01;35m[K-Wunused-value[m[K]
   57 |     (31, 119, [01;35m[K180[m[K),   //blue
      |               [01;35m[K^~~[m[K
[01m[K/home/vlad/ros2_ws/image_vis/src/image_viewer_node.cpp:58:6:[m[K [01;35m[Kwarning: [m[Kleft operand of comma operator has no effect [[01;35m[K-Wunused-value[m[K]
   58 |     ([01;35m[K255[m[K, 127, 14),   //orange
      |      [01;35m[K^~~[m[K
[01m[K/home/vlad/ros2_ws/image_vis/src/image_viewer_node.cpp:58:16:[m[K [01;35m[Kwarning: [m[Kright operand of comma operator has no effect [[01;35m[K-Wunused-value[m[K]
   58 |     (255, 127, [01;35m[K14[m[K),   //orange
      |                [01;35m[K^~[m[K
[01m[K/home/vlad/ros2_ws/image_vis/src/image_viewer_node.cpp:59:6:[m[K [01;35m[Kwarning: [m[Kleft operand of comma operator has no effect [[01;35m[K-Wunused-value[m[K]
   59 |     ([01;35m[K44[m[K, 160, 44),    //green
      |      [01;35m[K^~[m[K
[01m[K/home/vlad/ros2_ws/image_vis/src/image_viewer_node.cpp:59:15:[m[K [01;35m[Kwarning: [m[Kright operand of comma operator has no effect [[01;35m[K-Wunused-value[m[K]
   59 |     (44, 160, [01;35m[K44[m[K),    //green
      |               [01;35m[K^~[m[K
[01m[K/home/vlad/ros2_ws/image_vis/src/image_viewer_node.cpp:60:6:[m[K [01;35m[Kwarning: [m[Kleft operand of comma operator has no effect [[01;35m[K-Wunused-value[m[K]
   60 |     ([01;35m[K214[m[K, 39, 40),    //red
      |      [01;35m[K^~~[m[K
[01m[K/home/vlad/ros2_ws/image_vis/src/image_viewer_node.cpp:60:15:[m[K [01;35m[Kwarning: [m[Kright operand of comma operator has no effect [[01;35m[K-Wunused-value[m[K]
   60 |     (214, 39, [01;35m[K40[m[K),    //red
      |               [01;35m[K^~[m[K
[01m[K/home/vlad/ros2_ws/image_vis/src/image_viewer_node.cpp:61:6:[m[K [01;35m[Kwarning: [m[Kleft operand of comma operator has no effect [[01;35m[K-Wunused-value[m[K]
   61 |     ([01;35m[K148[m[K, 103, 189),  //purple
      |      [01;35m[K^~~[m[K
[01m[K/home/vlad/ros2_ws/image_vis/src/image_viewer_node.cpp:61:16:[m[K [01;35m[Kwarning: [m[Kright operand of comma operator has no effect [[01;35m[K-Wunused-value[m[K]
   61 |     (148, 103, [01;35m[K189[m[K),  //purple
      |                [01;35m[K^~~[m[K
[01m[K/home/vlad/ros2_ws/image_vis/src/image_viewer_node.cpp:62:6:[m[K [01;35m[Kwarning: [m[Kleft operand of comma operator has no effect [[01;35m[K-Wunused-value[m[K]
   62 |     ([01;35m[K140[m[K, 86, 75),    //brown
      |      [01;35m[K^~~[m[K
[01m[K/home/vlad/ros2_ws/image_vis/src/image_viewer_node.cpp:62:15:[m[K [01;35m[Kwarning: [m[Kright operand of comma operator has no effect [[01;35m[K-Wunused-value[m[K]
   62 |     (140, 86, [01;35m[K75[m[K),    //brown
      |               [01;35m[K^~[m[K
[01m[K/home/vlad/ros2_ws/image_vis/src/image_viewer_node.cpp:63:6:[m[K [01;35m[Kwarning: [m[Kleft operand of comma operator has no effect [[01;35m[K-Wunused-value[m[K]
   63 |     ([01;35m[K227[m[K, 119, 194),  //pink
      |      [01;35m[K^~~[m[K
[01m[K/home/vlad/ros2_ws/image_vis/src/image_viewer_node.cpp:63:16:[m[K [01;35m[Kwarning: [m[Kright operand of comma operator has no effect [[01;35m[K-Wunused-value[m[K]
   63 |     (227, 119, [01;35m[K194[m[K),  //pink
      |                [01;35m[K^~~[m[K
[01m[K/home/vlad/ros2_ws/image_vis/src/image_viewer_node.cpp:64:6:[m[K [01;35m[Kwarning: [m[Kleft operand of comma operator has no effect [[01;35m[K-Wunused-value[m[K]
   64 |     ([01;35m[K127[m[K, 127, 127),  //gray
      |      [01;35m[K^~~[m[K
[01m[K/home/vlad/ros2_ws/image_vis/src/image_viewer_node.cpp:64:16:[m[K [01;35m[Kwarning: [m[Kright operand of comma operator has no effect [[01;35m[K-Wunused-value[m[K]
   64 |     (127, 127, [01;35m[K127[m[K),  //gray
      |                [01;35m[K^~~[m[K
[01m[K/home/vlad/ros2_ws/image_vis/src/image_viewer_node.cpp:65:6:[m[K [01;35m[Kwarning: [m[Kleft operand of comma operator has no effect [[01;35m[K-Wunused-value[m[K]
   65 |     ([01;35m[K188[m[K, 189, 34),   //olive
      |      [01;35m[K^~~[m[K
[01m[K/home/vlad/ros2_ws/image_vis/src/image_viewer_node.cpp:65:16:[m[K [01;35m[Kwarning: [m[Kright operand of comma operator has no effect [[01;35m[K-Wunused-value[m[K]
   65 |     (188, 189, [01;35m[K34[m[K),   //olive
      |                [01;35m[K^~[m[K
[01m[K/home/vlad/ros2_ws/image_vis/src/image_viewer_node.cpp:66:6:[m[K [01;35m[Kwarning: [m[Kleft operand of comma operator has no effect [[01;35m[K-Wunused-value[m[K]
   66 |     ([01;35m[K23[m[K, 190, 207),   //cyan
      |      [01;35m[K^~[m[K
[01m[K/home/vlad/ros2_ws/image_vis/src/image_viewer_node.cpp:66:15:[m[K [01;35m[Kwarning: [m[Kright operand of comma operator has no effect [[01;35m[K-Wunused-value[m[K]
   66 |     (23, 190, [01;35m[K207[m[K),   //cyan
      |               [01;35m[K^~~[m[K
[01m[K/home/vlad/ros2_ws/image_vis/src/image_viewer_node.cpp:[m[K In member function ‘[01m[Kvoid ImageViewerNode::imageCallback(const ConstSharedPtr&)[m[K’:
[01m[K/home/vlad/ros2_ws/image_vis/src/image_viewer_node.cpp:155:20:[m[K [01;35m[Kwarning: [m[Kvariable ‘[01m[Kobj[m[K’ set but not used [[01;35m[K-Wunused-but-set-variable[m[K]
  155 |             Object [01;35m[Kobj[m[K;
      |                    [01;35m[K^~~[m[K
